
# ------------ the initial parameters ------------ #
p =  2
t0 = 0.0000e+00
dt_space =  [0.1     0.05    0.025   0.0125  0.00625]
h_space =  [0.31622777 0.2236068  0.15811388 0.1118034  0.07905694]
domain box =  [0, 1, 0, 1]
# #

# *********************************************************************** # 

# ------------ in the time-mesh circle ------------ #
i =  0
# -------------------------------------------------- #
run serial_construct_matrix with time: 0.921955506
run serial_construct_matrix with time: 0.1180543300000001
run serial_construct_matrix with time: 2.29545438
run serial_construct_matrix with time: 0.272436849
    # #################################### #
      Time 1st-order scheme
    # #################################### #
    # ------------ parameters ------------ #
    s = 2.5298e+01,  alpha = -4.0166e+02,  m = 1.0000e-03,  epsilon = 1.0000e-03,  eta = 1.0000e-01
    t0 = 0.0000e+00,  T = 5.0000e-01, dt = 1.0000e-01
 
    # ------------ begin the time-looping ------------ #
    currt_t = 0.0000e+00
    currt_t = 1.0000e-01
    currt_t = 2.0000e-01
    currt_t = 3.0000e-01
    currt_t = 4.0000e-01
    # ------------ end the time-looping ------------ #

    # ------------ the last errors ------------ #
    uh_l2err = 7.3893e-02, uh_h1err = 4.5655e-01
    vel_l2err = 1.3788e-02, vel_h1err = 1.1641e-01, ph_l2err = 7.5390e-02

# *********************************************************************** # 

# ------------ in the time-mesh circle ------------ #
i =  1
# -------------------------------------------------- #
run serial_construct_matrix with time: 0.8709093589999952
run serial_construct_matrix with time: 0.09908591800001432
run serial_construct_matrix with time: 2.1426293319999843
run serial_construct_matrix with time: 0.22842271199999686
    # #################################### #
      Time 1st-order scheme
    # #################################### #
    # ------------ parameters ------------ #
    s = 2.5298e+01,  alpha = -8.1695e+02,  m = 1.0000e-03,  epsilon = 1.0000e-03,  eta = 1.0000e-01
    t0 = 0.0000e+00,  T = 5.0000e-01, dt = 5.0000e-02
 
    # ------------ begin the time-looping ------------ #
    currt_t = 0.0000e+00
    currt_t = 1.0000e-01
    currt_t = 2.0000e-01
    currt_t = 3.0000e-01
    currt_t = 4.0000e-01
    # ------------ end the time-looping ------------ #

    # ------------ the last errors ------------ #
    uh_l2err = 3.8573e-02, uh_h1err = 2.4063e-01
    vel_l2err = 6.9805e-03, vel_h1err = 6.0585e-02, ph_l2err = 4.4737e-02

# *********************************************************************** # 

# ------------ in the time-mesh circle ------------ #
i =  2
# -------------------------------------------------- #
run serial_construct_matrix with time: 0.8732863410000391
run serial_construct_matrix with time: 0.096877706999976
run serial_construct_matrix with time: 2.1443834459999493
run serial_construct_matrix with time: 0.21779994600001373
    # #################################### #
      Time 1st-order scheme
    # #################################### #
    # ------------ parameters ------------ #
    s = 2.5298e+01,  alpha = -1.6947e+03,  m = 1.0000e-03,  epsilon = 1.0000e-03,  eta = 1.0000e-01
    t0 = 0.0000e+00,  T = 5.0000e-01, dt = 2.5000e-02
 
    # ------------ begin the time-looping ------------ #
    currt_t = 0.0000e+00
    currt_t = 1.0000e-01
    currt_t = 2.0000e-01
    currt_t = 3.0000e-01
    currt_t = 4.0000e-01
    # ------------ end the time-looping ------------ #

    # ------------ the last errors ------------ #
    uh_l2err = 1.9703e-02, uh_h1err = 1.2362e-01
    vel_l2err = 3.5223e-03, vel_h1err = 3.1010e-02, ph_l2err = 2.3870e-02

# *********************************************************************** # 

# ------------ in the time-mesh circle ------------ #
i =  3
# -------------------------------------------------- #
run serial_construct_matrix with time: 0.8684658189999936
run serial_construct_matrix with time: 0.09784658700004911
run serial_construct_matrix with time: 2.1524519189999864
run serial_construct_matrix with time: 0.2280299860001378
    # #################################### #
      Time 1st-order scheme
    # #################################### #
    # ------------ parameters ------------ #
    s = 2.5298e+01,  alpha = -3.7048e+03,  m = 1.0000e-03,  epsilon = 1.0000e-03,  eta = 1.0000e-01
    t0 = 0.0000e+00,  T = 5.0000e-01, dt = 1.2500e-02
 
    # ------------ begin the time-looping ------------ #
    currt_t = 0.0000e+00
    currt_t = 1.0000e-01
    currt_t = 2.0000e-01
    currt_t = 3.0000e-01
    currt_t = 4.0000e-01
    # ------------ end the time-looping ------------ #

    # ------------ the last errors ------------ #
    uh_l2err = 9.9561e-03, uh_h1err = 6.2674e-02
    vel_l2err = 1.7716e-03, vel_h1err = 1.5714e-02, ph_l2err = 1.1950e-02

# *********************************************************************** # 

# ------------ in the time-mesh circle ------------ #
i =  4
# -------------------------------------------------- #
run serial_construct_matrix with time: 0.8749513120001211
run serial_construct_matrix with time: 0.09836910800004262
run serial_construct_matrix with time: 2.144983463999779
run serial_construct_matrix with time: 0.21790494700007912
    # #################################### #
      Time 1st-order scheme
    # #################################### #
    # ------------ parameters ------------ #
    s = 2.5298e+01,  alpha = -1.2649e+04,  m = 1.0000e-03,  epsilon = 1.0000e-03,  eta = 1.0000e-01
    t0 = 0.0000e+00,  T = 5.0000e-01, dt = 6.2500e-03
 
    # ------------ begin the time-looping ------------ #
    currt_t = 0.0000e+00
    currt_t = 1.0000e-01
    currt_t = 2.0000e-01
    currt_t = 3.0000e-01
    currt_t = 4.0000e-01
    # ------------ end the time-looping ------------ #

    # ------------ the last errors ------------ #
    uh_l2err = 5.0044e-03, uh_h1err = 3.1563e-02
    vel_l2err = 8.8921e-04, vel_h1err = 7.9206e-03, ph_l2err = 5.6442e-03
# ------------ the error-table ------------ #
\begin{table}[!htdp]
\begin{tabular}[c]{|c|c|c|c|c|c|}\hline
dt & 0.1     & 0.05    & 0.025   & 0.0125  & 0.00625
\\\hline
$|| u - u_h||_0$ & 7.3893e-02 & 3.8573e-02 & 1.9703e-02 & 9.9561e-03 & 5.0044e-03
\\\hline
Order & -- & 0.94 & 0.97 & 0.98 & 0.99
\\\hline
$||\nabla u - \nabla u_h||_0$ & 4.5655e-01 & 2.4063e-01 & 1.2362e-01 & 6.2674e-02 & 3.1563e-02
\\\hline
Order & -- & 0.92 & 0.96 & 0.98 & 0.99
\\\hline
$|| vel - vel_h||_0$ & 1.3788e-02 & 6.9805e-03 & 3.5223e-03 & 1.7716e-03 & 8.8921e-04
\\\hline
Order & -- & 0.98 & 0.99 & 0.99 & 0.99
\\\hline
$||\nabla vel - \nabla vel_h||_0$ & 1.1641e-01 & 6.0585e-02 & 3.1010e-02 & 1.5714e-02 & 7.9206e-03
\\\hline
Order & -- & 0.94 & 0.97 & 0.98 & 0.99
\\\hline
|| p - p_h ||_0 & 7.5390e-02 & 4.4737e-02 & 2.3870e-02 & 1.1950e-02 & 5.6442e-03
\\\hline
Order & -- & 0.75 & 0.91 & 1.   & 1.08
\\\hline
\end{tabular}
\end{table}
# ------------ end of the file ------------ #
