
# ------------ the initial parameters ------------ #
p =  2
t0 = 0.0000e+00
dt_space =  [0.1     0.05    0.025   0.0125  0.00625]
h_space =  [0.31622777 0.2236068  0.15811388 0.1118034  0.07905694]
domain box =  [0, 1, 0, 1]
# #

# *********************************************************************** # 

# ------------ in the time-mesh circle ------------ #
i =  0
# -------------------------------------------------- #
run serial_construct_matrix with time: 0.061866600999999966
run serial_construct_matrix with time: 0.0066098490000000565
run serial_construct_matrix with time: 0.1434164469999999
run serial_construct_matrix with time: 0.015231473999999912
    # #################################### #
      Time 1st-order scheme
    # #################################### #
    # ------------ parameters ------------ #
    s = 2.5298e+01,  alpha = -4.0166e+02,  m = 1.0000e-03,  epsilon = 1.0000e-03,  eta = 1.0000e-01
    t0 = 0.0000e+00,  T = 5.0000e-01, dt = 1.0000e-01
 
    # ------------ begin the time-looping ------------ #
