run boxmesh2d with time: 0.03462177400000005

# ------------ the initial parameters ------------ #
p =  3
t0 = 0.0000e+00
dt_space =  [0.1     0.05    0.025   0.0125  0.00625]
domain box =  [0, 1, 0, 1]
the initial-mesh subdivision =  128
# #
# ------------ in the time-mesh circle ------------ #
i =  0
# -------------------------------------------------- #

run serial_construct_matrix with time: 2.250221506
run serial_construct_matrix with time: 0.2457353160000002
    # #################################### #
      Time 2nd-order scheme
    # #################################### #
    # ------------ parameters ------------ #
    s = 3.0984e+01,  alpha = -4.9193e+02,  m = 1.0000e-03,  epsilon = 1.0000e-03,  eta = 1.0000e-01
    t0 = 0.0000e+00,  T = 1.0000e+00, dt = 1.0000e-01
 
    # ------------ begin the time-looping ------------ #
    currt_t = 0.0000e+00
    currt_t = 1.0000e-01
    currt_t = 2.0000e-01
    currt_t = 3.0000e-01
    currt_t = 4.0000e-01
    currt_t = 5.0000e-01
    currt_t = 6.0000e-01
    currt_t = 7.0000e-01
    currt_t = 8.0000e-01
    currt_t = 9.0000e-01
    # ------------ end the time-looping ------------ #

    # ------------ the last errors ------------ #
    l2err = 4.0163e-03, h1err = 1.7844e-02
# ------------ in the time-mesh circle ------------ #
i =  1
# -------------------------------------------------- #

run serial_construct_matrix with time: 2.093344695999974
run serial_construct_matrix with time: 0.21390877100000694
    # #################################### #
      Time 2nd-order scheme
    # #################################### #
    # ------------ parameters ------------ #
    s = 3.0984e+01,  alpha = -1.0006e+03,  m = 1.0000e-03,  epsilon = 1.0000e-03,  eta = 1.0000e-01
    t0 = 0.0000e+00,  T = 1.0000e+00, dt = 5.0000e-02
 
    # ------------ begin the time-looping ------------ #
    currt_t = 0.0000e+00
    currt_t = 1.0000e-01
    currt_t = 2.0000e-01
    currt_t = 3.0000e-01
    currt_t = 4.0000e-01
    currt_t = 5.0000e-01
    currt_t = 6.0000e-01
    currt_t = 7.0000e-01
    currt_t = 8.0000e-01
    currt_t = 9.0000e-01
    # ------------ end the time-looping ------------ #

    # ------------ the last errors ------------ #
    l2err = 9.7329e-04, h1err = 4.3242e-03
# ------------ in the time-mesh circle ------------ #
i =  2
# -------------------------------------------------- #

run serial_construct_matrix with time: 2.1130508760000453
run serial_construct_matrix with time: 0.21629917699999623
    # #################################### #
      Time 2nd-order scheme
    # #################################### #
    # ------------ parameters ------------ #
    s = 3.0984e+01,  alpha = -2.0755e+03,  m = 1.0000e-03,  epsilon = 1.0000e-03,  eta = 1.0000e-01
    t0 = 0.0000e+00,  T = 1.0000e+00, dt = 2.5000e-02
 
    # ------------ begin the time-looping ------------ #
    currt_t = 0.0000e+00
    currt_t = 1.0000e-01
    currt_t = 2.0000e-01
    currt_t = 3.0000e-01
    currt_t = 4.0000e-01
    currt_t = 5.0000e-01
    currt_t = 6.0000e-01
    currt_t = 7.0000e-01
    currt_t = 8.0000e-01
    currt_t = 9.0000e-01
    # ------------ end the time-looping ------------ #

    # ------------ the last errors ------------ #
    l2err = 2.3914e-04, h1err = 1.0625e-03
# ------------ in the time-mesh circle ------------ #
i =  3
# -------------------------------------------------- #

run serial_construct_matrix with time: 2.0971085390001463
run serial_construct_matrix with time: 0.2175967270000001
    # #################################### #
      Time 2nd-order scheme
    # #################################### #
    # ------------ parameters ------------ #
    s = 3.0984e+01,  alpha = -4.5375e+03,  m = 1.0000e-03,  epsilon = 1.0000e-03,  eta = 1.0000e-01
    t0 = 0.0000e+00,  T = 1.0000e+00, dt = 1.2500e-02
 
    # ------------ begin the time-looping ------------ #
    currt_t = 0.0000e+00
    currt_t = 1.0000e-01
    currt_t = 2.0000e-01
    currt_t = 3.0000e-01
    currt_t = 4.0000e-01
    currt_t = 5.0000e-01
    currt_t = 6.0000e-01
    currt_t = 7.0000e-01
    currt_t = 8.0000e-01
    currt_t = 9.0000e-01
    # ------------ end the time-looping ------------ #

    # ------------ the last errors ------------ #
    l2err = 5.9224e-05, h1err = 2.6313e-04
# ------------ in the time-mesh circle ------------ #
i =  4
# -------------------------------------------------- #

run serial_construct_matrix with time: 2.0954008530002284
run serial_construct_matrix with time: 0.21197626100001798
    # #################################### #
      Time 2nd-order scheme
    # #################################### #
    # ------------ parameters ------------ #
    s = 3.0984e+01,  alpha = -1.5492e+04,  m = 1.0000e-03,  epsilon = 1.0000e-03,  eta = 1.0000e-01
    t0 = 0.0000e+00,  T = 1.0000e+00, dt = 6.2500e-03
 
    # ------------ begin the time-looping ------------ #
    currt_t = 0.0000e+00
    currt_t = 1.0000e-01
    currt_t = 2.0000e-01
    currt_t = 3.0000e-01
    currt_t = 4.0000e-01
    currt_t = 5.0000e-01
    currt_t = 6.0000e-01
    currt_t = 7.0000e-01
    currt_t = 8.0000e-01
    currt_t = 9.0000e-01
    # ------------ end the time-looping ------------ #

    # ------------ the last errors ------------ #
    l2err = 1.4711e-05, h1err = 6.5372e-05
# ------------ the error-table ------------ #
\begin{table}[!htdp]
\begin{tabular}[c]{|c|c|c|c|c|c|}\hline
Dof & 0.1     & 0.05    & 0.025   & 0.0125  & 0.00625
\\\hline
$|| u - u_h||_0$ & 4.0163e-03 & 9.7329e-04 & 2.3914e-04 & 5.9224e-05 & 1.4711e-05
\\\hline
Order & -- & 2.04 & 2.02 & 2.01 & 2.01
\\\hline
$||\nabla u - \nabla u_h||_0$ & 1.7844e-02 & 4.3242e-03 & 1.0625e-03 & 2.6313e-04 & 6.5372e-05
\\\hline
Order & -- & 2.04 & 2.02 & 2.01 & 2.01
\\\hline
\end{tabular}
\end{table}
# ------------ end of the file ------------ #
