
# ---------------- the code is beginning --------------- #
# ------------ FEM_CH_NS_Var_addXi_periodic ------------ #
the OS and day-hour is:  darwin-20220325-113123

# ------------ in FEM_CH_NS_Var_addXi_periodic code ------------ #
# ------------ the initial parameters ------------ #
p =  2
t0 = 0.0000e+00,  T = 5.0000e-01
dt_space =  [0.1     0.05    0.025   0.0125  0.00625]
domain box =  [0, 1, 0, 1]
rho0 = 1.0000e+00,  rho1 = 3.0000e+00
nu0 = 1.0000e-02,  nu1 = 2.0000e-02, 
# #
PDE has new domain box =  [0, 2, -1, 1]

# *********************************************************************** # 

# ------------ in the time-mesh circle ------------ #
i =  0
# -------------------------------------------------- #
    In new looping, NN =  7
run serial_construct_matrix with time: 0.004586548999999995
run serial_construct_matrix with time: 0.001015992000000021
run serial_construct_matrix with time: 0.00953997899999992
run serial_construct_matrix with time: 0.001511181000000028
    |___ In `set_CH_Coeff()`: self.dt_min = 6.2500e-03, dt_minimum = 6.2500e-03, (dt_min/dt_minimum = 1.0000e+00)
    |___ In `set_CH_Coeff()`: self.dt_min = 6.2500e-03, dt_minimum = 6.2500e-03, (dt_min/dt_minimum = 1.0000e+00)
    # #################################### #
            Time 1st-order scheme
    # #################################### #
    # ------------ parameters ------------ #
    s = 2.5298e+01,  alpha = -4.0166e+02,  m = 1.0000e-03,  epsilon = 1.0000e-03,  eta = 1.0000e-01, C0 = 100000.000000
    t0 = 0.0000e+00,  T = 5.0000e-01, dt = 1.0000e-01
 
run serial_construct_matrix with time: 0.004454358000000047
    # ------------ begin the time-looping ------------ #
    currt_t = 0.0000e+00, Xi = 1.000000000e+00
    currt_t = 1.0000e-01, Xi = 9.999999998e-01
    currt_t = 2.0000e-01, Xi = 1.000000004e+00
    currt_t = 3.0000e-01, Xi = 1.000000020e+00
    currt_t = 4.0000e-01, Xi = 1.000000061e+00
    currt_t = 5.0000e-01, Xi = 1.000000142e+00
    # ------------ end the time-looping ------------ #

    # ------------ the last errors ------------ #
    uh_l2err = 7.4217e-02, uh_h1err = 4.8584e-01
    vel_l2err = 2.1369e-02, vel_h1err = 3.3633e-01, ph_l2err = 7.5957e-02

# *********************************************************************** # 

# ------------ in the time-mesh circle ------------ #
i =  1
# -------------------------------------------------- #
    In new looping, NN =  9
run serial_construct_matrix with time: 0.006826515999999838
run serial_construct_matrix with time: 0.0012138909999999115
run serial_construct_matrix with time: 0.015396013000000153
run serial_construct_matrix with time: 0.0018241809999999248
    |___ In `set_CH_Coeff()`: self.dt_min = 6.2500e-03, dt_minimum = 6.2500e-03, (dt_min/dt_minimum = 1.0000e+00)
    |___ In `set_CH_Coeff()`: self.dt_min = 6.2500e-03, dt_minimum = 6.2500e-03, (dt_min/dt_minimum = 1.0000e+00)
    # #################################### #
            Time 1st-order scheme
    # #################################### #
    # ------------ parameters ------------ #
    s = 2.5298e+01,  alpha = -8.1695e+02,  m = 1.0000e-03,  epsilon = 1.0000e-03,  eta = 1.0000e-01, C0 = 100000.000000
    t0 = 0.0000e+00,  T = 5.0000e-01, dt = 5.0000e-02
 
run serial_construct_matrix with time: 0.00694108800000004
    # ------------ begin the time-looping ------------ #
    currt_t = 0.0000e+00, Xi = 1.000000000e+00
    currt_t = 5.0000e-02, Xi = 9.999999997e-01
    currt_t = 1.0000e-01, Xi = 9.999999995e-01
    currt_t = 1.5000e-01, Xi = 9.999999997e-01
    currt_t = 2.0000e-01, Xi = 1.000000000e+00
    currt_t = 2.5000e-01, Xi = 1.000000002e+00
    currt_t = 3.0000e-01, Xi = 1.000000005e+00
    currt_t = 3.5000e-01, Xi = 1.000000010e+00
    currt_t = 4.0000e-01, Xi = 1.000000017e+00
    currt_t = 4.5000e-01, Xi = 1.000000027e+00
    currt_t = 5.0000e-01, Xi = 1.000000041e+00
    # ------------ end the time-looping ------------ #

    # ------------ the last errors ------------ #
    uh_l2err = 3.8779e-02, uh_h1err = 2.6319e-01
    vel_l2err = 1.0478e-02, vel_h1err = 1.8341e-01, ph_l2err = 4.5168e-02

# *********************************************************************** # 

# ------------ in the time-mesh circle ------------ #
i =  2
# -------------------------------------------------- #
    In new looping, NN =  13
run serial_construct_matrix with time: 0.013437434000000081
run serial_construct_matrix with time: 0.0019136739999998653
run serial_construct_matrix with time: 0.031623457000000244
run serial_construct_matrix with time: 0.003301594999999935
    |___ In `set_CH_Coeff()`: self.dt_min = 6.2500e-03, dt_minimum = 6.2500e-03, (dt_min/dt_minimum = 1.0000e+00)
    |___ In `set_CH_Coeff()`: self.dt_min = 6.2500e-03, dt_minimum = 6.2500e-03, (dt_min/dt_minimum = 1.0000e+00)
    # #################################### #
            Time 1st-order scheme
    # #################################### #
    # ------------ parameters ------------ #
    s = 2.5298e+01,  alpha = -1.6947e+03,  m = 1.0000e-03,  epsilon = 1.0000e-03,  eta = 1.0000e-01, C0 = 100000.000000
    t0 = 0.0000e+00,  T = 5.0000e-01, dt = 2.5000e-02
 
run serial_construct_matrix with time: 0.01358840600000022
    # ------------ begin the time-looping ------------ #
    currt_t = 0.0000e+00, Xi = 1.000000000e+00
    currt_t = 2.5000e-02, Xi = 9.999999999e-01
    currt_t = 5.0000e-02, Xi = 9.999999998e-01
    currt_t = 7.5000e-02, Xi = 9.999999997e-01
    currt_t = 1.0000e-01, Xi = 9.999999996e-01
    currt_t = 1.2500e-01, Xi = 9.999999996e-01
    currt_t = 1.5000e-01, Xi = 9.999999996e-01
    currt_t = 1.7500e-01, Xi = 9.999999996e-01
    currt_t = 2.0000e-01, Xi = 9.999999997e-01
    currt_t = 2.2500e-01, Xi = 9.999999999e-01
    currt_t = 2.5000e-01, Xi = 1.000000000e+00
    currt_t = 2.7500e-01, Xi = 1.000000000e+00
    currt_t = 3.0000e-01, Xi = 1.000000001e+00
    currt_t = 3.2500e-01, Xi = 1.000000002e+00
    currt_t = 3.5000e-01, Xi = 1.000000002e+00
    currt_t = 3.7500e-01, Xi = 1.000000003e+00
    currt_t = 4.0000e-01, Xi = 1.000000004e+00
    currt_t = 4.2500e-01, Xi = 1.000000006e+00
    currt_t = 4.5000e-01, Xi = 1.000000007e+00
    currt_t = 4.7500e-01, Xi = 1.000000009e+00
    currt_t = 5.0000e-01, Xi = 1.000000011e+00
    # ------------ end the time-looping ------------ #

    # ------------ the last errors ------------ #
    uh_l2err = 1.9775e-02, uh_h1err = 1.3493e-01
    vel_l2err = 4.9380e-03, vel_h1err = 7.2980e-02, ph_l2err = 2.4038e-02

# *********************************************************************** # 

# ------------ in the time-mesh circle ------------ #
i =  3
# -------------------------------------------------- #
    In new looping, NN =  18
run serial_construct_matrix with time: 0.018307783999999216
run serial_construct_matrix with time: 0.002209333999999785
run serial_construct_matrix with time: 0.04351131199999969
run serial_construct_matrix with time: 0.004058097999999788
    |___ In `set_CH_Coeff()`: self.dt_min = 6.2500e-03, dt_minimum = 6.2500e-03, (dt_min/dt_minimum = 1.0000e+00)
    |___ In `set_CH_Coeff()`: self.dt_min = 6.2500e-03, dt_minimum = 6.2500e-03, (dt_min/dt_minimum = 1.0000e+00)
    # #################################### #
            Time 1st-order scheme
    # #################################### #
    # ------------ parameters ------------ #
    s = 2.5298e+01,  alpha = -3.7048e+03,  m = 1.0000e-03,  epsilon = 1.0000e-03,  eta = 1.0000e-01, C0 = 100000.000000
    t0 = 0.0000e+00,  T = 5.0000e-01, dt = 1.2500e-02
 
run serial_construct_matrix with time: 0.01830033499999928
    # ------------ begin the time-looping ------------ #
    currt_t = 0.0000e+00, Xi = 1.000000000e+00
    currt_t = 1.2500e-02, Xi = 1.000000000e+00
    currt_t = 2.5000e-02, Xi = 9.999999999e-01
    currt_t = 3.7500e-02, Xi = 9.999999999e-01
    currt_t = 5.0000e-02, Xi = 9.999999999e-01
    currt_t = 6.2500e-02, Xi = 9.999999998e-01
    currt_t = 7.5000e-02, Xi = 9.999999998e-01
    currt_t = 8.7500e-02, Xi = 9.999999998e-01
    currt_t = 1.0000e-01, Xi = 9.999999998e-01
    currt_t = 1.1250e-01, Xi = 9.999999998e-01
    currt_t = 1.2500e-01, Xi = 9.999999997e-01
    currt_t = 1.3750e-01, Xi = 9.999999997e-01
    currt_t = 1.5000e-01, Xi = 9.999999997e-01
    currt_t = 1.6250e-01, Xi = 9.999999997e-01
    currt_t = 1.7500e-01, Xi = 9.999999997e-01
    currt_t = 1.8750e-01, Xi = 9.999999997e-01
    currt_t = 2.0000e-01, Xi = 9.999999997e-01
    currt_t = 2.1250e-01, Xi = 9.999999997e-01
    currt_t = 2.2500e-01, Xi = 9.999999998e-01
    currt_t = 2.3750e-01, Xi = 9.999999998e-01
    currt_t = 2.5000e-01, Xi = 9.999999998e-01
    currt_t = 2.6250e-01, Xi = 9.999999999e-01
    currt_t = 2.7500e-01, Xi = 9.999999999e-01
    currt_t = 2.8750e-01, Xi = 1.000000000e+00
    currt_t = 3.0000e-01, Xi = 1.000000000e+00
    currt_t = 3.1250e-01, Xi = 1.000000000e+00
    currt_t = 3.2500e-01, Xi = 1.000000000e+00
    currt_t = 3.3750e-01, Xi = 1.000000000e+00
    currt_t = 3.5000e-01, Xi = 1.000000000e+00
    currt_t = 3.6250e-01, Xi = 1.000000001e+00
    currt_t = 3.7500e-01, Xi = 1.000000001e+00
    currt_t = 3.8750e-01, Xi = 1.000000001e+00
    currt_t = 4.0000e-01, Xi = 1.000000001e+00
    currt_t = 4.1250e-01, Xi = 1.000000001e+00
    currt_t = 4.2500e-01, Xi = 1.000000001e+00
    currt_t = 4.3750e-01, Xi = 1.000000002e+00
    currt_t = 4.5000e-01, Xi = 1.000000002e+00
    currt_t = 4.6250e-01, Xi = 1.000000002e+00
    currt_t = 4.7500e-01, Xi = 1.000000002e+00
    currt_t = 4.8750e-01, Xi = 1.000000002e+00
    currt_t = 5.0000e-01, Xi = 1.000000003e+00
    # ------------ end the time-looping ------------ #

    # ------------ the last errors ------------ #
    uh_l2err = 9.9845e-03, uh_h1err = 6.8588e-02
    vel_l2err = 2.4331e-03, vel_h1err = 3.1142e-02, ph_l2err = 1.2022e-02

# *********************************************************************** # 

# ------------ in the time-mesh circle ------------ #
i =  4
# -------------------------------------------------- #
    In new looping, NN =  26
run serial_construct_matrix with time: 0.05249905400000188
run serial_construct_matrix with time: 0.005976270999994426
run serial_construct_matrix with time: 0.10003512099999767
run serial_construct_matrix with time: 0.00840078700000646
    |___ In `set_CH_Coeff()`: self.dt_min = 6.2500e-03, dt_minimum = 6.2500e-03, (dt_min/dt_minimum = 1.0000e+00)
    |___ In `set_CH_Coeff()`: self.dt_min = 6.2500e-03, dt_minimum = 6.2500e-03, (dt_min/dt_minimum = 1.0000e+00)
    # #################################### #
            Time 1st-order scheme
    # #################################### #
    # ------------ parameters ------------ #
    s = 2.5298e+01,  alpha = -1.2649e+04,  m = 1.0000e-03,  epsilon = 1.0000e-03,  eta = 1.0000e-01, C0 = 100000.000000
    t0 = 0.0000e+00,  T = 5.0000e-01, dt = 6.2500e-03
 
run serial_construct_matrix with time: 0.036912529000005634
    # ------------ begin the time-looping ------------ #
    currt_t = 0.0000e+00, Xi = 1.000000000e+00
    currt_t = 6.2500e-03, Xi = 1.000000000e+00
    currt_t = 1.2500e-02, Xi = 1.000000000e+00
    currt_t = 1.8750e-02, Xi = 1.000000000e+00
    currt_t = 2.5000e-02, Xi = 1.000000000e+00
    currt_t = 3.1250e-02, Xi = 1.000000000e+00
    currt_t = 3.7500e-02, Xi = 9.999999999e-01
    currt_t = 4.3750e-02, Xi = 9.999999999e-01
    currt_t = 5.0000e-02, Xi = 9.999999999e-01
    currt_t = 5.6250e-02, Xi = 9.999999999e-01
    currt_t = 6.2500e-02, Xi = 9.999999999e-01
    currt_t = 6.8750e-02, Xi = 9.999999999e-01
    currt_t = 7.5000e-02, Xi = 9.999999999e-01
    currt_t = 8.1250e-02, Xi = 9.999999999e-01
    currt_t = 8.7500e-02, Xi = 9.999999999e-01
    currt_t = 9.3750e-02, Xi = 9.999999999e-01
    currt_t = 1.0000e-01, Xi = 9.999999999e-01
    currt_t = 1.0625e-01, Xi = 9.999999999e-01
    currt_t = 1.1250e-01, Xi = 9.999999999e-01
    currt_t = 1.1875e-01, Xi = 9.999999999e-01
    currt_t = 1.2500e-01, Xi = 9.999999999e-01
    currt_t = 1.3125e-01, Xi = 9.999999999e-01
    currt_t = 1.3750e-01, Xi = 9.999999999e-01
    currt_t = 1.4375e-01, Xi = 9.999999999e-01
    currt_t = 1.5000e-01, Xi = 9.999999998e-01
    currt_t = 1.5625e-01, Xi = 9.999999998e-01
    currt_t = 1.6250e-01, Xi = 9.999999998e-01
    currt_t = 1.6875e-01, Xi = 9.999999998e-01
    currt_t = 1.7500e-01, Xi = 9.999999998e-01
    currt_t = 1.8125e-01, Xi = 9.999999998e-01
    currt_t = 1.8750e-01, Xi = 9.999999998e-01
    currt_t = 1.9375e-01, Xi = 9.999999998e-01
    currt_t = 2.0000e-01, Xi = 9.999999998e-01
    currt_t = 2.0625e-01, Xi = 9.999999998e-01
    currt_t = 2.1250e-01, Xi = 9.999999998e-01
    currt_t = 2.1875e-01, Xi = 9.999999998e-01
    currt_t = 2.2500e-01, Xi = 9.999999998e-01
    currt_t = 2.3125e-01, Xi = 9.999999998e-01
    currt_t = 2.3750e-01, Xi = 9.999999999e-01
    currt_t = 2.4375e-01, Xi = 9.999999999e-01
    currt_t = 2.5000e-01, Xi = 9.999999999e-01
    currt_t = 2.5625e-01, Xi = 9.999999999e-01
    currt_t = 2.6250e-01, Xi = 9.999999999e-01
    currt_t = 2.6875e-01, Xi = 9.999999999e-01
    currt_t = 2.7500e-01, Xi = 9.999999999e-01
    currt_t = 2.8125e-01, Xi = 9.999999999e-01
    currt_t = 2.8750e-01, Xi = 9.999999999e-01
    currt_t = 2.9375e-01, Xi = 9.999999999e-01
    currt_t = 3.0000e-01, Xi = 9.999999999e-01
    currt_t = 3.0625e-01, Xi = 9.999999999e-01
    currt_t = 3.1250e-01, Xi = 9.999999999e-01
    currt_t = 3.1875e-01, Xi = 1.000000000e+00
    currt_t = 3.2500e-01, Xi = 1.000000000e+00
    currt_t = 3.3125e-01, Xi = 1.000000000e+00
    currt_t = 3.3750e-01, Xi = 1.000000000e+00
    currt_t = 3.4375e-01, Xi = 1.000000000e+00
    currt_t = 3.5000e-01, Xi = 1.000000000e+00
    currt_t = 3.5625e-01, Xi = 1.000000000e+00
    currt_t = 3.6250e-01, Xi = 1.000000000e+00
    currt_t = 3.6875e-01, Xi = 1.000000000e+00
    currt_t = 3.7500e-01, Xi = 1.000000000e+00
    currt_t = 3.8125e-01, Xi = 1.000000000e+00
    currt_t = 3.8750e-01, Xi = 1.000000000e+00
    currt_t = 3.9375e-01, Xi = 1.000000000e+00
    currt_t = 4.0000e-01, Xi = 1.000000000e+00
    currt_t = 4.0625e-01, Xi = 1.000000000e+00
    currt_t = 4.1250e-01, Xi = 1.000000000e+00
    currt_t = 4.1875e-01, Xi = 1.000000000e+00
    currt_t = 4.2500e-01, Xi = 1.000000000e+00
    currt_t = 4.3125e-01, Xi = 1.000000000e+00
    currt_t = 4.3750e-01, Xi = 1.000000000e+00
    currt_t = 4.4375e-01, Xi = 1.000000000e+00
    currt_t = 4.5000e-01, Xi = 1.000000000e+00
    currt_t = 4.5625e-01, Xi = 1.000000000e+00
    currt_t = 4.6250e-01, Xi = 1.000000000e+00
    currt_t = 4.6875e-01, Xi = 1.000000001e+00
    currt_t = 4.7500e-01, Xi = 1.000000001e+00
    currt_t = 4.8125e-01, Xi = 1.000000001e+00
    currt_t = 4.8750e-01, Xi = 1.000000001e+00
    currt_t = 4.9375e-01, Xi = 1.000000001e+00
    currt_t = 5.0000e-01, Xi = 1.000000001e+00
    # ------------ end the time-looping ------------ #

    # ------------ the last errors ------------ #
    uh_l2err = 5.0152e-03, uh_h1err = 3.4036e-02
    vel_l2err = 1.2103e-03, vel_h1err = 1.2461e-02, ph_l2err = 5.6727e-03
# ------------ the error-table ------------ #
\begin{table}[!htdp]
\begin{tabular}[c]{|c|c|c|c|c|c|}\hline
dt & 0.1     & 0.05    & 0.025   & 0.0125  & 0.00625
\\\hline
$|| u - u_h||_0$ & 7.4217e-02 & 3.8779e-02 & 1.9775e-02 & 9.9845e-03 & 5.0152e-03
\\\hline
Order & -- & 0.94 & 0.97 & 0.99 & 0.99
\\\hline
$||\nabla u - \nabla u_h||_0$ & 4.8584e-01 & 2.6319e-01 & 1.3493e-01 & 6.8588e-02 & 3.4036e-02
\\\hline
Order & -- & 0.88 & 0.96 & 0.98 & 1.01
\\\hline
$|| vel - vel_h||_0$ & 2.1369e-02 & 1.0478e-02 & 4.9380e-03 & 2.4331e-03 & 1.2103e-03
\\\hline
Order & -- & 1.03 & 1.09 & 1.02 & 1.01
\\\hline
$||\nabla vel - \nabla vel_h||_0$ & 3.3633e-01 & 1.8341e-01 & 7.2980e-02 & 3.1142e-02 & 1.2461e-02
\\\hline
Order & -- & 0.87 & 1.33 & 1.23 & 1.32
\\\hline
|| p - p_h ||_0 & 7.5957e-02 & 4.5168e-02 & 2.4038e-02 & 1.2022e-02 & 5.6727e-03
\\\hline
Order & -- & 0.75 & 0.91 & 1.   & 1.08
\\\hline
\end{tabular}
\end{table}
# ------------ end of the file ------------ #
