
# ------------ the initial parameters ------------ #
p =  3
t0 = 0.0000e+00
dt_space =  [0.1     0.05    0.025   0.0125  0.00625]
h_space =  [0.31622777 0.2236068  0.15811388 0.1118034  0.07905694]
domain box =  [0, 1, 0, 1]
# #
# ------------ in the time-mesh circle ------------ #
i =  0
# -------------------------------------------------- #

run boxmesh2d with time: 0.0002669439999999912
run serial_construct_matrix with time: 0.0030379289999999948
run serial_construct_matrix with time: 0.0006753649999999833
    # #################################### #
      Time 2nd-order scheme
    # #################################### #
    # ------------ parameters ------------ #
    s = 3.0984e+01,  alpha = -4.9193e+02,  m = 1.0000e-03,  epsilon = 1.0000e-03,  eta = 1.0000e-01
    t0 = 0.0000e+00,  T = 1.0000e+00, dt = 1.0000e-01
 
    # ------------ begin the time-looping ------------ #
    currt_t = 0.0000e+00
    currt_t = 1.0000e-01
    currt_t = 2.0000e-01
    currt_t = 3.0000e-01
    currt_t = 4.0000e-01
    currt_t = 5.0000e-01
    currt_t = 6.0000e-01
    currt_t = 7.0000e-01
    currt_t = 8.0000e-01
    currt_t = 9.0000e-01
    # ------------ end the time-looping ------------ #

    # ------------ the last errors ------------ #
    l2err = 3.9917e-03, h1err = 2.3394e-02
# ------------ in the time-mesh circle ------------ #
i =  1
# -------------------------------------------------- #

run boxmesh2d with time: 0.0002052770000000037
run serial_construct_matrix with time: 0.004026815999999989
run serial_construct_matrix with time: 0.0007294010000000184
    # #################################### #
      Time 2nd-order scheme
    # #################################### #
    # ------------ parameters ------------ #
    s = 3.0984e+01,  alpha = -1.0006e+03,  m = 1.0000e-03,  epsilon = 1.0000e-03,  eta = 1.0000e-01
    t0 = 0.0000e+00,  T = 1.0000e+00, dt = 5.0000e-02
 
    # ------------ begin the time-looping ------------ #
    currt_t = 0.0000e+00
    currt_t = 1.0000e-01
    currt_t = 2.0000e-01
    currt_t = 3.0000e-01
    currt_t = 4.0000e-01
    currt_t = 5.0000e-01
    currt_t = 6.0000e-01
    currt_t = 7.0000e-01
    currt_t = 8.0000e-01
    currt_t = 9.0000e-01
    # ------------ end the time-looping ------------ #

    # ------------ the last errors ------------ #
    l2err = 9.6477e-04, h1err = 8.7870e-03
# ------------ in the time-mesh circle ------------ #
i =  2
# -------------------------------------------------- #

run boxmesh2d with time: 0.0002386799999999356
run serial_construct_matrix with time: 0.007288945999999963
run serial_construct_matrix with time: 0.0010260859999999816
    # #################################### #
      Time 2nd-order scheme
    # #################################### #
    # ------------ parameters ------------ #
    s = 3.0984e+01,  alpha = -2.0755e+03,  m = 1.0000e-03,  epsilon = 1.0000e-03,  eta = 1.0000e-01
    t0 = 0.0000e+00,  T = 1.0000e+00, dt = 2.5000e-02
 
    # ------------ begin the time-looping ------------ #
    currt_t = 0.0000e+00
    currt_t = 1.0000e-01
    currt_t = 2.0000e-01
    currt_t = 3.0000e-01
    currt_t = 4.0000e-01
    currt_t = 5.0000e-01
    currt_t = 6.0000e-01
    currt_t = 7.0000e-01
    currt_t = 8.0000e-01
    currt_t = 9.0000e-01
    # ------------ end the time-looping ------------ #

    # ------------ the last errors ------------ #
    l2err = 2.2780e-04, h1err = 2.9939e-03
# ------------ in the time-mesh circle ------------ #
i =  3
# -------------------------------------------------- #

run boxmesh2d with time: 0.0002788069999999365
run serial_construct_matrix with time: 0.011129717999999844
run serial_construct_matrix with time: 0.001289276999999922
    # #################################### #
      Time 2nd-order scheme
    # #################################### #
    # ------------ parameters ------------ #
    s = 3.0984e+01,  alpha = -4.5375e+03,  m = 1.0000e-03,  epsilon = 1.0000e-03,  eta = 1.0000e-01
    t0 = 0.0000e+00,  T = 1.0000e+00, dt = 1.2500e-02
 
    # ------------ begin the time-looping ------------ #
    currt_t = 0.0000e+00
    currt_t = 1.0000e-01
    currt_t = 2.0000e-01
    currt_t = 3.0000e-01
    currt_t = 4.0000e-01
    currt_t = 5.0000e-01
    currt_t = 6.0000e-01
    currt_t = 7.0000e-01
    currt_t = 8.0000e-01
    currt_t = 9.0000e-01
    # ------------ end the time-looping ------------ #

    # ------------ the last errors ------------ #
    l2err = 5.4731e-05, h1err = 1.3752e-03
# ------------ in the time-mesh circle ------------ #
i =  4
# -------------------------------------------------- #

run boxmesh2d with time: 0.00042026299999964323
run serial_construct_matrix with time: 0.02342012700000007
run serial_construct_matrix with time: 0.0023184579999999677
    # #################################### #
      Time 2nd-order scheme
    # #################################### #
    # ------------ parameters ------------ #
    s = 3.0984e+01,  alpha = -1.5492e+04,  m = 1.0000e-03,  epsilon = 1.0000e-03,  eta = 1.0000e-01
    t0 = 0.0000e+00,  T = 1.0000e+00, dt = 6.2500e-03
 
    # ------------ begin the time-looping ------------ #
    currt_t = 0.0000e+00
    currt_t = 1.0000e-01
    currt_t = 2.0000e-01
    currt_t = 3.0000e-01
    currt_t = 4.0000e-01
    currt_t = 5.0000e-01
    currt_t = 6.0000e-01
    currt_t = 7.0000e-01
    currt_t = 8.0000e-01
    currt_t = 9.0000e-01
    # ------------ end the time-looping ------------ #

    # ------------ the last errors ------------ #
    l2err = 1.7160e-05, h1err = 5.4184e-04
# ------------ the error-table ------------ #
\begin{table}[!htdp]
\begin{tabular}[c]{|c|c|c|c|c|c|}\hline
Dof & 0.1     & 0.05    & 0.025   & 0.0125  & 0.00625
\\\hline
$|| u - u_h||_0$ & 3.9917e-03 & 9.6477e-04 & 2.2780e-04 & 5.4731e-05 & 1.7160e-05
\\\hline
Order & -- & 2.05 & 2.08 & 2.06 & 1.67
\\\hline
$||\nabla u - \nabla u_h||_0$ & 2.3394e-02 & 8.7870e-03 & 2.9939e-03 & 1.3752e-03 & 5.4184e-04
\\\hline
Order & -- & 1.41 & 1.55 & 1.12 & 1.34
\\\hline
\end{tabular}
\end{table}
# ------------ end of the file ------------ #
