
# ------------ the initial parameters ------------ #
p =  3
t0 = 0.0000e+00
dt_space =  [0.1     0.05    0.025   0.0125  0.00625]
h_space =  [0.21544347 0.13572088 0.0854988  0.05386087 0.03393022]
domain box =  [0, 1, 0, 1]
# #
# ------------ in the time-mesh circle ------------ #
i =  0
# -------------------------------------------------- #

run boxmesh2d with time: 0.00028275799999999407
run serial_construct_matrix with time: 0.00445694000000002
run serial_construct_matrix with time: 0.0007507829999999771
    # #################################### #
      Time 2nd-order scheme
    # #################################### #
    # ------------ parameters ------------ #
    s = 3.0984e+01,  alpha = -4.9193e+02,  m = 1.0000e-03,  epsilon = 1.0000e-03,  eta = 1.0000e-01
    t0 = 0.0000e+00,  T = 1.0000e+00, dt = 1.0000e-01
 
    # ------------ begin the time-looping ------------ #
    currt_t = 0.0000e+00
    currt_t = 1.0000e-01
    currt_t = 2.0000e-01
    currt_t = 3.0000e-01
    currt_t = 4.0000e-01
    currt_t = 5.0000e-01
    currt_t = 6.0000e-01
    currt_t = 7.0000e-01
    currt_t = 8.0000e-01
    currt_t = 9.0000e-01
    # ------------ end the time-looping ------------ #

    # ------------ the last errors ------------ #
    l2err = 3.9836e-03, h1err = 1.9273e-02
# ------------ in the time-mesh circle ------------ #
i =  1
# -------------------------------------------------- #

run boxmesh2d with time: 0.0003244399999999814
run serial_construct_matrix with time: 0.00937478199999997
run serial_construct_matrix with time: 0.001268386999999982
    # #################################### #
      Time 2nd-order scheme
    # #################################### #
    # ------------ parameters ------------ #
    s = 3.0984e+01,  alpha = -1.0006e+03,  m = 1.0000e-03,  epsilon = 1.0000e-03,  eta = 1.0000e-01
    t0 = 0.0000e+00,  T = 1.0000e+00, dt = 5.0000e-02
 
    # ------------ begin the time-looping ------------ #
    currt_t = 0.0000e+00
    currt_t = 1.0000e-01
    currt_t = 2.0000e-01
    currt_t = 3.0000e-01
    currt_t = 4.0000e-01
    currt_t = 5.0000e-01
    currt_t = 6.0000e-01
    currt_t = 7.0000e-01
    currt_t = 8.0000e-01
    currt_t = 9.0000e-01
    # ------------ end the time-looping ------------ #

    # ------------ the last errors ------------ #
    l2err = 9.5490e-04, h1err = 4.6452e-03
# ------------ in the time-mesh circle ------------ #
i =  2
# -------------------------------------------------- #

run boxmesh2d with time: 0.00037336399999998715
run serial_construct_matrix with time: 0.019231388999999988
run serial_construct_matrix with time: 0.001969388999999988
    # #################################### #
      Time 2nd-order scheme
    # #################################### #
    # ------------ parameters ------------ #
    s = 3.0984e+01,  alpha = -2.0755e+03,  m = 1.0000e-03,  epsilon = 1.0000e-03,  eta = 1.0000e-01
    t0 = 0.0000e+00,  T = 1.0000e+00, dt = 2.5000e-02
 
    # ------------ begin the time-looping ------------ #
    currt_t = 0.0000e+00
    currt_t = 1.0000e-01
    currt_t = 2.0000e-01
    currt_t = 3.0000e-01
    currt_t = 4.0000e-01
    currt_t = 5.0000e-01
    currt_t = 6.0000e-01
    currt_t = 7.0000e-01
    currt_t = 8.0000e-01
    currt_t = 9.0000e-01
    # ------------ end the time-looping ------------ #

    # ------------ the last errors ------------ #
    l2err = 2.2837e-04, h1err = 1.1998e-03
# ------------ in the time-mesh circle ------------ #
i =  3
# -------------------------------------------------- #

run boxmesh2d with time: 0.0007003490000001555
run serial_construct_matrix with time: 0.047842030000000424
run serial_construct_matrix with time: 0.004253643000000196
    # #################################### #
      Time 2nd-order scheme
    # #################################### #
    # ------------ parameters ------------ #
    s = 3.0984e+01,  alpha = -4.5375e+03,  m = 1.0000e-03,  epsilon = 1.0000e-03,  eta = 1.0000e-01
    t0 = 0.0000e+00,  T = 1.0000e+00, dt = 1.2500e-02
 
    # ------------ begin the time-looping ------------ #
    currt_t = 0.0000e+00
    currt_t = 1.0000e-01
    currt_t = 2.0000e-01
    currt_t = 3.0000e-01
    currt_t = 4.0000e-01
    currt_t = 5.0000e-01
    currt_t = 6.0000e-01
    currt_t = 7.0000e-01
    currt_t = 8.0000e-01
    currt_t = 9.0000e-01
    # ------------ end the time-looping ------------ #

    # ------------ the last errors ------------ #
    l2err = 5.4094e-05, h1err = 3.4177e-04
# ------------ in the time-mesh circle ------------ #
i =  4
# -------------------------------------------------- #

run boxmesh2d with time: 0.0015227070000012333
run serial_construct_matrix with time: 0.11740259099999939
run serial_construct_matrix with time: 0.010874689999999632
    # #################################### #
      Time 2nd-order scheme
    # #################################### #
    # ------------ parameters ------------ #
    s = 3.0984e+01,  alpha = -1.5492e+04,  m = 1.0000e-03,  epsilon = 1.0000e-03,  eta = 1.0000e-01
    t0 = 0.0000e+00,  T = 1.0000e+00, dt = 6.2500e-03
 
    # ------------ begin the time-looping ------------ #
    currt_t = 0.0000e+00
    currt_t = 1.0000e-01
    currt_t = 2.0000e-01
    currt_t = 3.0000e-01
    currt_t = 4.0000e-01
    currt_t = 5.0000e-01
    currt_t = 6.0000e-01
    currt_t = 7.0000e-01
    currt_t = 8.0000e-01
    currt_t = 9.0000e-01
    # ------------ end the time-looping ------------ #

    # ------------ the last errors ------------ #
    l2err = 1.2908e-05, h1err = 1.0305e-04
# ------------ the error-table ------------ #
\begin{table}[!htdp]
\begin{tabular}[c]{|c|c|c|c|c|c|}\hline
Dof & 0.1     & 0.05    & 0.025   & 0.0125  & 0.00625
\\\hline
$|| u - u_h||_0$ & 3.9836e-03 & 9.5490e-04 & 2.2837e-04 & 5.4094e-05 & 1.2908e-05
\\\hline
Order & -- & 2.06 & 2.06 & 2.08 & 2.07
\\\hline
$||\nabla u - \nabla u_h||_0$ & 1.9273e-02 & 4.6452e-03 & 1.1998e-03 & 3.4177e-04 & 1.0305e-04
\\\hline
Order & -- & 2.05 & 1.95 & 1.81 & 1.73
\\\hline
\end{tabular}
\end{table}
# ------------ end of the file ------------ #
