
# ------------ the initial parameters ------------ #
p =  2
t0 = 0.0000e+00
dt_space =  0.001
h_space =  [0.015625]
domain box =  [0, 1, 0, 1]
# #

# *********************************************************************** # 

# ------------ in the time-mesh circle ------------ #
i =  0
# -------------------------------------------------- #
run serial_construct_matrix with time: 0.914259916
run serial_construct_matrix with time: 0.11755654500000001
run serial_construct_matrix with time: 2.24745933
run serial_construct_matrix with time: 0.2490855390000002
    # #################################### #
      Time 1st-order scheme
    # #################################### #
    # ------------ parameters ------------ #
    s = 6.3246e+01,  alpha = -3.1623e+04,  m = 1.0000e-03,  epsilon = 1.0000e-03,  eta = 1.0000e-01
    t0 = 0.0000e+00,  T = 5.0000e+00, dt = 1.0000e-03
 
    # ------------ begin the time-looping ------------ #
    currt_t = 0.0000e+00
    currt_t = 1.0000e+00
    currt_t = 2.0000e+00
    currt_t = 3.0000e+00
    currt_t = 4.0000e+00
    # ------------ end the time-looping ------------ #

    # ------------ the last errors ------------ #
    uh_l2err = 2.9469e-03, uh_h1err = 4.9836e-02
    vel_l2err = 9.2546e-04, vel_h1err = 8.4980e-03, ph_l2err = 5.1994e-03
# ------------ the error-table ------------ #
\begin{table}[!htdp]
\begin{tabular}[c]{|c|c|}\hline
Dof & 66049
\\\hline
$|| u - u_h||_0$ & 2.9469e-03
\\\hline
Order & -- & 
\\\hline
$||\nabla u - \nabla u_h||_0$ & 4.9836e-02
\\\hline
Order & -- & 
\\\hline
$|| vel - vel_h||_0$ & 9.2546e-04
\\\hline
Order & -- & 
\\\hline
$||\nabla vel - \nabla vel_h||_0$ & 8.4980e-03
\\\hline
Order & -- & 
\\\hline
|| p - p_h ||_0 & 5.1994e-03
\\\hline
Order & -- & 
\\\hline
\end{tabular}
\end{table}
# ------------ end of the file ------------ #
