
# ------------ the initial parameters ------------ #
p =  1
t0 = 0.0000e+00
dt_space =  1e-05
h_space =  [0.25, 0.125, 0.0625, 0.03125, 0.015625]
domain box =  [0, 1, 0, 1]
# #

# *********************************************************************** # 

# ------------ in the time-mesh circle ------------ #
i =  0
# -------------------------------------------------- #
run serial_construct_matrix with time: 0.001903629999999934
run serial_construct_matrix with time: 0.0006125150000000357
run serial_construct_matrix with time: 0.0038998599999999772
run serial_construct_matrix with time: 0.0007764460000000417
    # #################################### #
      Time 1st-order scheme
    # #################################### #
    # ------------ parameters ------------ #
    s = 6.3246e+02,  alpha = -3.1623e+05,  m = 1.0000e-03,  epsilon = 1.0000e-03,  eta = 1.0000e-01
    t0 = 0.0000e+00,  T = 2.0000e-02, dt = 1.0000e-05
 
    # ------------ begin the time-looping ------------ #
    currt_t = 0.0000e+00
    currt_t = 4.0000e-03
    currt_t = 8.0000e-03
    currt_t = 1.2000e-02
    currt_t = 1.6000e-02
    # ------------ end the time-looping ------------ #

    # ------------ the last errors ------------ #
    uh_l2err = 1.4730e-03, uh_h1err = 3.7259e-02
    vel_l2err = 7.7219e-03, vel_h1err = 2.1213e-01, ph_l2err = 6.7523e-02

# *********************************************************************** # 

# ------------ in the time-mesh circle ------------ #
i =  1
# -------------------------------------------------- #
run serial_construct_matrix with time: 0.005220862000001603
run serial_construct_matrix with time: 0.001400707999998474
run serial_construct_matrix with time: 0.013794406999998898
run serial_construct_matrix with time: 0.001789459000001159
    # #################################### #
      Time 1st-order scheme
    # #################################### #
    # ------------ parameters ------------ #
    s = 6.3246e+02,  alpha = -3.1623e+05,  m = 1.0000e-03,  epsilon = 1.0000e-03,  eta = 1.0000e-01
    t0 = 0.0000e+00,  T = 2.0000e-02, dt = 1.0000e-05
 
    # ------------ begin the time-looping ------------ #
    currt_t = 0.0000e+00
    currt_t = 4.0000e-03
    currt_t = 8.0000e-03
    currt_t = 1.2000e-02
    currt_t = 1.6000e-02
    # ------------ end the time-looping ------------ #

    # ------------ the last errors ------------ #
    uh_l2err = 4.2822e-04, uh_h1err = 1.8810e-02
    vel_l2err = 1.9878e-03, vel_h1err = 1.2183e-01, ph_l2err = 1.3514e-02

# *********************************************************************** # 

# ------------ in the time-mesh circle ------------ #
i =  2
# -------------------------------------------------- #
run serial_construct_matrix with time: 0.01751051600001574
run serial_construct_matrix with time: 0.003053843999992978
run serial_construct_matrix with time: 0.05291291399998954
run serial_construct_matrix with time: 0.006010964000012109
    # #################################### #
      Time 1st-order scheme
    # #################################### #
    # ------------ parameters ------------ #
    s = 6.3246e+02,  alpha = -3.1623e+05,  m = 1.0000e-03,  epsilon = 1.0000e-03,  eta = 1.0000e-01
    t0 = 0.0000e+00,  T = 2.0000e-02, dt = 1.0000e-05
 
    # ------------ begin the time-looping ------------ #
    currt_t = 0.0000e+00
    currt_t = 4.0000e-03
    currt_t = 8.0000e-03
    currt_t = 1.2000e-02
    currt_t = 1.6000e-02
    # ------------ end the time-looping ------------ #

    # ------------ the last errors ------------ #
    uh_l2err = 1.0092e-04, uh_h1err = 9.2149e-03
    vel_l2err = 3.1900e-04, vel_h1err = 3.9802e-02, ph_l2err = 3.2411e-03

# *********************************************************************** # 

# ------------ in the time-mesh circle ------------ #
i =  3
# -------------------------------------------------- #
run serial_construct_matrix with time: 0.07326466699998946
run serial_construct_matrix with time: 0.011819093999974939
run serial_construct_matrix with time: 0.22029456100005973
run serial_construct_matrix with time: 0.025138822000030814
    # #################################### #
      Time 1st-order scheme
    # #################################### #
    # ------------ parameters ------------ #
    s = 6.3246e+02,  alpha = -3.1623e+05,  m = 1.0000e-03,  epsilon = 1.0000e-03,  eta = 1.0000e-01
    t0 = 0.0000e+00,  T = 2.0000e-02, dt = 1.0000e-05
 
    # ------------ begin the time-looping ------------ #
    currt_t = 0.0000e+00
    currt_t = 4.0000e-03
    currt_t = 8.0000e-03
    currt_t = 1.2000e-02
    currt_t = 1.6000e-02
    # ------------ end the time-looping ------------ #

    # ------------ the last errors ------------ #
    uh_l2err = 2.4780e-05, uh_h1err = 4.4897e-03
    vel_l2err = 2.5639e-05, vel_h1err = 6.4141e-03, ph_l2err = 8.0485e-04

# *********************************************************************** # 

# ------------ in the time-mesh circle ------------ #
i =  4
# -------------------------------------------------- #
run serial_construct_matrix with time: 0.3001267279996682
run serial_construct_matrix with time: 0.04849192900019261
run serial_construct_matrix with time: 0.8945550230000663
run serial_construct_matrix with time: 0.10126946499985934
    # #################################### #
      Time 1st-order scheme
    # #################################### #
    # ------------ parameters ------------ #
    s = 6.3246e+02,  alpha = -3.1623e+05,  m = 1.0000e-03,  epsilon = 1.0000e-03,  eta = 1.0000e-01
    t0 = 0.0000e+00,  T = 2.0000e-02, dt = 1.0000e-05
 
    # ------------ begin the time-looping ------------ #
    currt_t = 0.0000e+00
    currt_t = 4.0000e-03
    currt_t = 8.0000e-03
    currt_t = 1.2000e-02
    currt_t = 1.6000e-02
    # ------------ end the time-looping ------------ #

    # ------------ the last errors ------------ #
    uh_l2err = 1.0256e-05, uh_h1err = 2.2360e-03
    vel_l2err = 1.6068e-06, vel_h1err = 8.0777e-04, ph_l2err = 2.0088e-04
# ------------ the error-table ------------ #
\begin{table}[!htdp]
\begin{tabular}[c]{|c|c|c|c|c|c|}\hline
Dof &    740 &   2756 &  10628 &  41732 & 165380
\\\hline
$|| u - u_h||_0$ & 1.4730e-03 & 4.2822e-04 & 1.0092e-04 & 2.4780e-05 & 1.0256e-05
\\\hline
Order & -- & 1.88 & 2.14 & 2.05 & 1.28
\\\hline
$||\nabla u - \nabla u_h||_0$ & 3.7259e-02 & 1.8810e-02 & 9.2149e-03 & 4.4897e-03 & 2.2360e-03
\\\hline
Order & -- & 1.04 & 1.06 & 1.05 & 1.01
\\\hline
$|| vel - vel_h||_0$ & 7.7219e-03 & 1.9878e-03 & 3.1900e-04 & 2.5639e-05 & 1.6068e-06
\\\hline
Order & -- & 2.06 & 2.71 & 3.69 & 4.02
\\\hline
$||\nabla vel - \nabla vel_h||_0$ & 2.1213e-01 & 1.2183e-01 & 3.9802e-02 & 6.4141e-03 & 8.0777e-04
\\\hline
Order & -- & 0.84 & 1.66 & 2.67 & 3.01
\\\hline
|| p - p_h ||_0 & 6.7523e-02 & 1.3514e-02 & 3.2411e-03 & 8.0485e-04 & 2.0088e-04
\\\hline
Order & -- & 2.45 & 2.12 & 2.04 & 2.02
\\\hline
\end{tabular}
\end{table}
# ------------ end of the file ------------ #
