
# ------------ the initial parameters ------------ #
p =  3
t0 = 0.0000e+00
dt_space =  [0.1     0.05    0.025   0.0125  0.00625]
h_space =  [0.46415888 0.36840315 0.29240177 0.23207944 0.18420157]
domain box =  [0, 1, 0, 1]
# #

# *********************************************************************** # 

# ------------ in the time-mesh circle ------------ #
i =  0
# -------------------------------------------------- #
run serial_construct_matrix with time: 2.265832804
run serial_construct_matrix with time: 0.25534170499999975
run serial_construct_matrix with time: 5.019871969
run serial_construct_matrix with time: 0.526786594999999
    # #################################### #
      Time 1st-order scheme
    # #################################### #
    # ------------ parameters ------------ #
    s = 2.5298e+01,  alpha = -4.0166e+02,  m = 1.0000e-03,  epsilon = 1.0000e-03,  eta = 1.0000e-01
    t0 = 0.0000e+00,  T = 1.0000e+00, dt = 1.0000e-01
 
    # ------------ begin the time-looping ------------ #
    currt_t = 0.0000e+00
    currt_t = 2.0000e-01
    currt_t = 4.0000e-01
    currt_t = 6.0000e-01
    currt_t = 8.0000e-01
    # ------------ end the time-looping ------------ #

    # ------------ the last errors ------------ #
    uh_l2err = 2.4299e-01, uh_h1err = 1.6264e+00
    vel_l2err = 8.1490e-02, vel_h1err = 5.8857e-01, ph_l2err = 1.6777e-01

# *********************************************************************** # 

# ------------ in the time-mesh circle ------------ #
i =  1
# -------------------------------------------------- #
run serial_construct_matrix with time: 2.076632012999994
run serial_construct_matrix with time: 0.23115927599997121
run serial_construct_matrix with time: 4.679140759999996
run serial_construct_matrix with time: 0.48170645000004697
    # #################################### #
      Time 1st-order scheme
    # #################################### #
    # ------------ parameters ------------ #
    s = 2.5298e+01,  alpha = -8.1695e+02,  m = 1.0000e-03,  epsilon = 1.0000e-03,  eta = 1.0000e-01
    t0 = 0.0000e+00,  T = 1.0000e+00, dt = 5.0000e-02
 
    # ------------ begin the time-looping ------------ #
    currt_t = 0.0000e+00
    currt_t = 2.0000e-01
    currt_t = 4.0000e-01
    currt_t = 6.0000e-01
    currt_t = 8.0000e-01
    # ------------ end the time-looping ------------ #

    # ------------ the last errors ------------ #
    uh_l2err = 1.3234e-01, uh_h1err = 9.1204e-01
    vel_l2err = 6.1376e-02, vel_h1err = 4.3690e-01, ph_l2err = 1.1023e-01

# *********************************************************************** # 

# ------------ in the time-mesh circle ------------ #
i =  2
# -------------------------------------------------- #
run serial_construct_matrix with time: 2.0902736759999243
run serial_construct_matrix with time: 0.21285186800014344
run serial_construct_matrix with time: 4.6077061260002665
run serial_construct_matrix with time: 0.4482037200000377
    # #################################### #
      Time 1st-order scheme
    # #################################### #
    # ------------ parameters ------------ #
    s = 2.5298e+01,  alpha = -1.6947e+03,  m = 1.0000e-03,  epsilon = 1.0000e-03,  eta = 1.0000e-01
    t0 = 0.0000e+00,  T = 1.0000e+00, dt = 2.5000e-02
 
    # ------------ begin the time-looping ------------ #
    currt_t = 0.0000e+00
    currt_t = 2.0000e-01
    currt_t = 4.0000e-01
    currt_t = 6.0000e-01
    currt_t = 8.0000e-01
    # ------------ end the time-looping ------------ #

    # ------------ the last errors ------------ #
    uh_l2err = 7.5685e-02, uh_h1err = 5.3003e-01
    vel_l2err = 5.1352e-02, vel_h1err = 3.5955e-01, ph_l2err = 7.9853e-02

# *********************************************************************** # 

# ------------ in the time-mesh circle ------------ #
i =  3
# -------------------------------------------------- #
run serial_construct_matrix with time: 2.10316556700036
run serial_construct_matrix with time: 0.22470945399982156
run serial_construct_matrix with time: 4.638021612000557
run serial_construct_matrix with time: 0.4497756910004682
    # #################################### #
      Time 1st-order scheme
    # #################################### #
    # ------------ parameters ------------ #
    s = 2.5298e+01,  alpha = -3.7048e+03,  m = 1.0000e-03,  epsilon = 1.0000e-03,  eta = 1.0000e-01
    t0 = 0.0000e+00,  T = 1.0000e+00, dt = 1.2500e-02
 
    # ------------ begin the time-looping ------------ #
    currt_t = 0.0000e+00
    currt_t = 2.0000e-01
    currt_t = 4.0000e-01
    currt_t = 6.0000e-01
    currt_t = 8.0000e-01
    # ------------ end the time-looping ------------ #

    # ------------ the last errors ------------ #
    uh_l2err = 4.7329e-02, uh_h1err = 3.3373e-01
    vel_l2err = 4.6445e-02, vel_h1err = 3.2205e-01, ph_l2err = 6.4951e-02

# *********************************************************************** # 

# ------------ in the time-mesh circle ------------ #
i =  4
# -------------------------------------------------- #
run serial_construct_matrix with time: 2.077387366998664
run serial_construct_matrix with time: 0.21097369200106186
run serial_construct_matrix with time: 4.583145888000217
run serial_construct_matrix with time: 0.4365985530002945
    # #################################### #
      Time 1st-order scheme
    # #################################### #
    # ------------ parameters ------------ #
    s = 2.5298e+01,  alpha = -1.2649e+04,  m = 1.0000e-03,  epsilon = 1.0000e-03,  eta = 1.0000e-01
    t0 = 0.0000e+00,  T = 1.0000e+00, dt = 6.2500e-03
 
    # ------------ begin the time-looping ------------ #
    currt_t = 0.0000e+00
    currt_t = 2.0000e-01
    currt_t = 4.0000e-01
    currt_t = 6.0000e-01
    currt_t = 8.0000e-01
    # ------------ end the time-looping ------------ #

    # ------------ the last errors ------------ #
    uh_l2err = 3.3242e-02, uh_h1err = 2.3644e-01
    vel_l2err = 4.4041e-02, vel_h1err = 3.0406e-01, ph_l2err = 5.7764e-02
# ------------ the error-table ------------ #
\begin{table}[!htdp]
\begin{tabular}[c]{|c|c|c|c|c|c|}\hline
dt & 0.1     & 0.05    & 0.025   & 0.0125  & 0.00625
\\\hline
$|| u - u_h||_0$ & 2.4299e-01 & 1.3234e-01 & 7.5685e-02 & 4.7329e-02 & 3.3242e-02
\\\hline
Order & -- & 0.88 & 0.81 & 0.68 & 0.51
\\\hline
$||\nabla u - \nabla u_h||_0$ & 1.6264e+00 & 9.1204e-01 & 5.3003e-01 & 3.3373e-01 & 2.3644e-01
\\\hline
Order & -- & 0.83 & 0.78 & 0.67 & 0.5 
\\\hline
$|| vel - vel_h||_0$ & 8.1490e-02 & 6.1376e-02 & 5.1352e-02 & 4.6445e-02 & 4.4041e-02
\\\hline
Order & -- & 0.41 & 0.26 & 0.14 & 0.08
\\\hline
$||\nabla vel - \nabla vel_h||_0$ & 5.8857e-01 & 4.3690e-01 & 3.5955e-01 & 3.2205e-01 & 3.0406e-01
\\\hline
Order & -- & 0.43 & 0.28 & 0.16 & 0.08
\\\hline
|| p - p_h ||_0 & 1.6777e-01 & 1.1023e-01 & 7.9853e-02 & 6.4951e-02 & 5.7764e-02
\\\hline
Order & -- & 0.61 & 0.47 & 0.3  & 0.17
\\\hline
\end{tabular}
\end{table}
# ------------ end of the file ------------ #
