run boxmesh2d with time: 0.000291492999999976
# ------------ the initial parameters ------------ #
p =  2
t0 = 0.0000e+00
dt = 1.0000e-04
domain box =  [0, 1, 0, 1]
the initial-mesh subdivision =  4
# #
# ------------ in the space-mesh circle ------------ #
i =  0
# -------------------------------------------------- #
run serial_construct_matrix with time: 0.001735852999999954
run serial_construct_matrix with time: 0.0005396440000000058
    # #################################### #
      Time 2nd-order scheme
    # #################################### #
    # ------------ parameters ------------ #
    s = 2.4495e+02,  alpha = -1.2247e+05,  m = 1.0000e-03,  epsilon = 1.0000e-03,  eta = 1.0000e-01
    t0 = 0.0000e+00,  T = 5.0000e-02, dt = 1.0000e-04
 
    # ------------ begin the time-looping ------------ #
    currt_t = 0.0000e+00
    currt_t = 5.0000e-03
    currt_t = 1.0000e-02
    currt_t = 1.5000e-02
    currt_t = 2.0000e-02
    currt_t = 2.5000e-02
    currt_t = 3.0000e-02
    currt_t = 3.5000e-02
    currt_t = 4.0000e-02
    currt_t = 4.5000e-02
    # ------------ end the time-looping ------------ #

    # ------------ the last errors ------------ #
    l2err = 2.6984e-04, h1err = 7.3299e-03
# ------------ in the space-mesh circle ------------ #
i =  1
# -------------------------------------------------- #
run serial_construct_matrix with time: 0.004058096999999705
run serial_construct_matrix with time: 0.0008115320000001702
    # #################################### #
      Time 2nd-order scheme
    # #################################### #
    # ------------ parameters ------------ #
    s = 2.4495e+02,  alpha = -1.2247e+05,  m = 1.0000e-03,  epsilon = 1.0000e-03,  eta = 1.0000e-01
    t0 = 0.0000e+00,  T = 5.0000e-02, dt = 1.0000e-04
 
    # ------------ begin the time-looping ------------ #
    currt_t = 0.0000e+00
    currt_t = 5.0000e-03
    currt_t = 1.0000e-02
    currt_t = 1.5000e-02
    currt_t = 2.0000e-02
    currt_t = 2.5000e-02
    currt_t = 3.0000e-02
    currt_t = 3.5000e-02
    currt_t = 4.0000e-02
    currt_t = 4.5000e-02
    # ------------ end the time-looping ------------ #

    # ------------ the last errors ------------ #
    l2err = 3.7274e-05, h1err = 1.9114e-03
# ------------ in the space-mesh circle ------------ #
i =  2
# -------------------------------------------------- #
run serial_construct_matrix with time: 0.014370471000000329
run serial_construct_matrix with time: 0.0018695539999997735
    # #################################### #
      Time 2nd-order scheme
    # #################################### #
    # ------------ parameters ------------ #
    s = 2.4495e+02,  alpha = -1.2247e+05,  m = 1.0000e-03,  epsilon = 1.0000e-03,  eta = 1.0000e-01
    t0 = 0.0000e+00,  T = 5.0000e-02, dt = 1.0000e-04
 
    # ------------ begin the time-looping ------------ #
    currt_t = 0.0000e+00
    currt_t = 5.0000e-03
    currt_t = 1.0000e-02
    currt_t = 1.5000e-02
    currt_t = 2.0000e-02
    currt_t = 2.5000e-02
    currt_t = 3.0000e-02
    currt_t = 3.5000e-02
    currt_t = 4.0000e-02
    currt_t = 4.5000e-02
    # ------------ end the time-looping ------------ #

    # ------------ the last errors ------------ #
    l2err = 4.7166e-06, h1err = 4.4374e-04
# ------------ in the space-mesh circle ------------ #
i =  3
# -------------------------------------------------- #
run serial_construct_matrix with time: 0.0557404109999986
run serial_construct_matrix with time: 0.0063155070000000535
    # #################################### #
      Time 2nd-order scheme
    # #################################### #
    # ------------ parameters ------------ #
    s = 2.4495e+02,  alpha = -1.2247e+05,  m = 1.0000e-03,  epsilon = 1.0000e-03,  eta = 1.0000e-01
    t0 = 0.0000e+00,  T = 5.0000e-02, dt = 1.0000e-04
 
    # ------------ begin the time-looping ------------ #
    currt_t = 0.0000e+00
    currt_t = 5.0000e-03
    currt_t = 1.0000e-02
    currt_t = 1.5000e-02
    currt_t = 2.0000e-02
    currt_t = 2.5000e-02
    currt_t = 3.0000e-02
    currt_t = 3.5000e-02
    currt_t = 4.0000e-02
    currt_t = 4.5000e-02
    # ------------ end the time-looping ------------ #

    # ------------ the last errors ------------ #
    l2err = 1.1858e-06, h1err = 1.1660e-04
# ------------ in the space-mesh circle ------------ #
i =  4
# -------------------------------------------------- #
run serial_construct_matrix with time: 0.2227143180000013
run serial_construct_matrix with time: 0.025097517000006064
    # #################################### #
      Time 2nd-order scheme
    # #################################### #
    # ------------ parameters ------------ #
    s = 2.4495e+02,  alpha = -1.2247e+05,  m = 1.0000e-03,  epsilon = 1.0000e-03,  eta = 1.0000e-01
    t0 = 0.0000e+00,  T = 5.0000e-02, dt = 1.0000e-04
 
    # ------------ begin the time-looping ------------ #
    currt_t = 0.0000e+00
    currt_t = 5.0000e-03
    currt_t = 1.0000e-02
    currt_t = 1.5000e-02
    currt_t = 2.0000e-02
    currt_t = 2.5000e-02
    currt_t = 3.0000e-02
    currt_t = 3.5000e-02
    currt_t = 4.0000e-02
    currt_t = 4.5000e-02
    # ------------ end the time-looping ------------ #

    # ------------ the last errors ------------ #
    l2err = 6.1687e-07, h1err = 3.9213e-05
# ------------ the error-table ------------ #
\begin{table}[!htdp]
\begin{tabular}[c]{|c|c|c|c|c|c|}\hline
Dof &    81 &   289 &  1089 &  4225 & 16641
\\\hline
$|| u - u_h||_0$ & 2.6984e-04 & 3.7274e-05 & 4.7166e-06 & 1.1858e-06 & 6.1687e-07
\\\hline
Order & -- & 2.86 & 2.98 & 1.99 & 0.94
\\\hline
$||\nabla u - \nabla u_h||_0$ & 7.3299e-03 & 1.9114e-03 & 4.4374e-04 & 1.1660e-04 & 3.9213e-05
\\\hline
Order & -- & 1.94 & 2.11 & 1.93 & 1.57
\\\hline
\end{tabular}
\end{table}
# ------------ end of the file ------------ #
