
# ------------ the initial parameters ------------ #
p =  2
t0 = 0.0000e+00
dt_space =  [0.1     0.05    0.025   0.0125  0.00625]
h_space =  [0.31622777 0.2236068  0.15811388 0.1118034  0.07905694]
domain box =  [0, 1, 0, 1]
# #

# *********************************************************************** # 

# ------------ in the time-mesh circle ------------ #
i =  0
# -------------------------------------------------- #
run serial_construct_matrix with time: 0.9237570779999998
run serial_construct_matrix with time: 0.11690413999999993
run serial_construct_matrix with time: 2.270503128
run serial_construct_matrix with time: 0.26562893899999995
    # #################################### #
      Time 1st-order scheme
    # #################################### #
    # ------------ parameters ------------ #
    s = 2.5298e+01,  alpha = -4.0166e+02,  m = 1.0000e-03,  epsilon = 1.0000e-03,  eta = 1.0000e-01
    t0 = 0.0000e+00,  T = 5.0000e-01, dt = 1.0000e-01
 
    # ------------ begin the time-looping ------------ #
    currt_t = 0.0000e+00
    currt_t = 1.0000e-01
    currt_t = 2.0000e-01
    currt_t = 3.0000e-01
    currt_t = 4.0000e-01
    # ------------ end the time-looping ------------ #

    # ------------ the last errors ------------ #
    uh_l2err = 7.5163e-02, uh_h1err = 4.6458e-01
    vel_l2err = 2.8817e-02, vel_h1err = 2.0751e-01, ph_l2err = 7.8781e-02

# *********************************************************************** # 

# ------------ in the time-mesh circle ------------ #
i =  1
# -------------------------------------------------- #
run serial_construct_matrix with time: 0.8787215610000203
run serial_construct_matrix with time: 0.09871244999999362
run serial_construct_matrix with time: 2.1450806059999934
run serial_construct_matrix with time: 0.22455802799998992
    # #################################### #
      Time 1st-order scheme
    # #################################### #
    # ------------ parameters ------------ #
    s = 2.5298e+01,  alpha = -8.1695e+02,  m = 1.0000e-03,  epsilon = 1.0000e-03,  eta = 1.0000e-01
    t0 = 0.0000e+00,  T = 5.0000e-01, dt = 5.0000e-02
 
    # ------------ begin the time-looping ------------ #
    currt_t = 0.0000e+00
    currt_t = 1.0000e-01
    currt_t = 2.0000e-01
    currt_t = 3.0000e-01
    currt_t = 4.0000e-01
    # ------------ end the time-looping ------------ #

    # ------------ the last errors ------------ #
    uh_l2err = 4.0166e-02, uh_h1err = 2.5082e-01
    vel_l2err = 2.1967e-02, vel_h1err = 1.5789e-01, ph_l2err = 5.0421e-02

# *********************************************************************** # 

# ------------ in the time-mesh circle ------------ #
i =  2
# -------------------------------------------------- #
run serial_construct_matrix with time: 0.8748145850000242
run serial_construct_matrix with time: 0.09724630399995249
run serial_construct_matrix with time: 2.142524884000011
run serial_construct_matrix with time: 0.21979953899995053
    # #################################### #
      Time 1st-order scheme
    # #################################### #
    # ------------ parameters ------------ #
    s = 2.5298e+01,  alpha = -1.6947e+03,  m = 1.0000e-03,  epsilon = 1.0000e-03,  eta = 1.0000e-01
    t0 = 0.0000e+00,  T = 5.0000e-01, dt = 2.5000e-02
 
    # ------------ begin the time-looping ------------ #
    currt_t = 0.0000e+00
    currt_t = 1.0000e-01
    currt_t = 2.0000e-01
    currt_t = 3.0000e-01
    currt_t = 4.0000e-01
    # ------------ end the time-looping ------------ #

    # ------------ the last errors ------------ #
    uh_l2err = 2.1475e-02, uh_h1err = 1.3509e-01
    vel_l2err = 1.8660e-02, vel_h1err = 1.3373e-01, ph_l2err = 3.1453e-02

# *********************************************************************** # 

# ------------ in the time-mesh circle ------------ #
i =  3
# -------------------------------------------------- #
run serial_construct_matrix with time: 0.8702891400000681
run serial_construct_matrix with time: 0.10046384299994315
run serial_construct_matrix with time: 2.1224820769998587
run serial_construct_matrix with time: 0.21804734500005907
    # #################################### #
      Time 1st-order scheme
    # #################################### #
    # ------------ parameters ------------ #
    s = 2.5298e+01,  alpha = -3.7048e+03,  m = 1.0000e-03,  epsilon = 1.0000e-03,  eta = 1.0000e-01
    t0 = 0.0000e+00,  T = 5.0000e-01, dt = 1.2500e-02
 
    # ------------ begin the time-looping ------------ #
    currt_t = 0.0000e+00
    currt_t = 1.0000e-01
    currt_t = 2.0000e-01
    currt_t = 3.0000e-01
    currt_t = 4.0000e-01
    # ------------ end the time-looping ------------ #

    # ------------ the last errors ------------ #
    uh_l2err = 1.1828e-02, uh_h1err = 7.5003e-02
    vel_l2err = 1.7058e-02, vel_h1err = 1.2216e-01, ph_l2err = 2.0875e-02

# *********************************************************************** # 

# ------------ in the time-mesh circle ------------ #
i =  4
# -------------------------------------------------- #
run serial_construct_matrix with time: 0.8655684099999235
run serial_construct_matrix with time: 0.1018839480002498
run serial_construct_matrix with time: 2.214528601999973
run serial_construct_matrix with time: 0.2227930330000163
    # #################################### #
      Time 1st-order scheme
    # #################################### #
    # ------------ parameters ------------ #
    s = 2.5298e+01,  alpha = -1.2649e+04,  m = 1.0000e-03,  epsilon = 1.0000e-03,  eta = 1.0000e-01
    t0 = 0.0000e+00,  T = 5.0000e-01, dt = 6.2500e-03
 
    # ------------ begin the time-looping ------------ #
    currt_t = 0.0000e+00
    currt_t = 1.0000e-01
    currt_t = 2.0000e-01
    currt_t = 3.0000e-01
    currt_t = 4.0000e-01
    # ------------ end the time-looping ------------ #

    # ------------ the last errors ------------ #
    uh_l2err = 6.9398e-03, uh_h1err = 4.4637e-02
    vel_l2err = 1.6276e-02, vel_h1err = 1.1660e-01, ph_l2err = 1.5447e-02
# ------------ the error-table ------------ #
\begin{table}[!htdp]
\begin{tabular}[c]{|c|c|c|c|c|c|}\hline
dt & 0.1     & 0.05    & 0.025   & 0.0125  & 0.00625
\\\hline
$|| u - u_h||_0$ & 7.5163e-02 & 4.0166e-02 & 2.1475e-02 & 1.1828e-02 & 6.9398e-03
\\\hline
Order & -- & 0.9  & 0.9  & 0.86 & 0.77
\\\hline
$||\nabla u - \nabla u_h||_0$ & 4.6458e-01 & 2.5082e-01 & 1.3509e-01 & 7.5003e-02 & 4.4637e-02
\\\hline
Order & -- & 0.89 & 0.89 & 0.85 & 0.75
\\\hline
$|| vel - vel_h||_0$ & 2.8817e-02 & 2.1967e-02 & 1.8660e-02 & 1.7058e-02 & 1.6276e-02
\\\hline
Order & -- & 0.39 & 0.24 & 0.13 & 0.07
\\\hline
$||\nabla vel - \nabla vel_h||_0$ & 2.0751e-01 & 1.5789e-01 & 1.3373e-01 & 1.2216e-01 & 1.1660e-01
\\\hline
Order & -- & 0.39 & 0.24 & 0.13 & 0.07
\\\hline
|| p - p_h ||_0 & 7.8781e-02 & 5.0421e-02 & 3.1453e-02 & 2.0875e-02 & 1.5447e-02
\\\hline
Order & -- & 0.64 & 0.68 & 0.59 & 0.43
\\\hline
\end{tabular}
\end{table}
# ------------ end of the file ------------ #
