run boxmesh2d with time: 0.01997788500000003
dt = 1.000000e-03
nu = 1.000000e-03
domain box =  [0, 1, 0, 1]
mesh subdivision =  100
run serial_construct_matrix with time: 0.18854983599999997
run serial_construct_matrix with time: 0.074512452
run serial_construct_matrix with time: 0.5592181919999999
# ------------ logging the circle info ------------ #
current t =  0.0
p_l2err = 9.015049e-05,  u0_l2err = 1.177873e-07,  u1_l2err = 6.887188e-08
# ------------------------------------------------- # 

# ------------ logging the circle info ------------ #
current t =  0.1
p_l2err = 6.988109e-05,  u0_l2err = 5.282557e-06,  u1_l2err = 4.024718e-06
# ------------------------------------------------- # 

# ------------ logging the circle info ------------ #
current t =  0.2
p_l2err = 5.841780e-05,  u0_l2err = 9.200308e-06,  u1_l2err = 7.289023e-06
# ------------------------------------------------- # 

# ------------ logging the circle info ------------ #
current t =  0.3
p_l2err = 4.884668e-05,  u0_l2err = 1.223969e-05,  u1_l2err = 9.977075e-06
# ------------------------------------------------- # 

# ------------ logging the circle info ------------ #
current t =  0.4
p_l2err = 4.092434e-05,  u0_l2err = 1.464719e-05,  u1_l2err = 1.221105e-05
# ------------------------------------------------- # 

# ------------ logging the circle info ------------ #
current t =  0.5
p_l2err = 3.438914e-05,  u0_l2err = 1.658600e-05,  u1_l2err = 1.408084e-05
# ------------------------------------------------- # 

# ------------ logging the circle info ------------ #
current t =  0.6
p_l2err = 2.900389e-05,  u0_l2err = 1.816782e-05,  u1_l2err = 1.565443e-05
# ------------------------------------------------- # 

# ------------ logging the circle info ------------ #
current t =  0.7000000000000001
p_l2err = 2.456498e-05,  u0_l2err = 1.947139e-05,  u1_l2err = 1.698430e-05
# ------------------------------------------------- # 

# ------------ logging the circle info ------------ #
current t =  0.8
p_l2err = 2.090157e-05,  u0_l2err = 2.055374e-05,  u1_l2err = 1.811157e-05
# ------------------------------------------------- # 

# ------------ logging the circle info ------------ #
current t =  0.9
p_l2err = 1.787200e-05,  u0_l2err = 2.145715e-05,  u1_l2err = 1.906897e-05
# ------------------------------------------------- # 

# ------------ logging the circle info ------------ #
current t =  1.0
p_l2err = 1.535959e-05,  u0_l2err = 2.221369e-05,  u1_l2err = 1.988281e-05
# ------------------------------------------------- # 

# ------------ logging the circle info ------------ #
current t =  1.1
p_l2err = 1.326869e-05,  u0_l2err = 2.284812e-05,  u1_l2err = 2.057451e-05
# ------------------------------------------------- # 

# ------------ logging the circle info ------------ #
current t =  1.2
p_l2err = 1.152123e-05,  u0_l2err = 2.337990e-05,  u1_l2err = 2.116162e-05
# ------------------------------------------------- # 

# ------------ logging the circle info ------------ #
current t =  1.3
p_l2err = 1.005368e-05,  u0_l2err = 2.382458e-05,  u1_l2err = 2.165870e-05
# ------------------------------------------------- # 

# ------------ logging the circle info ------------ #
current t =  1.4000000000000001
p_l2err = 8.814525e-06,  u0_l2err = 2.419472e-05,  u1_l2err = 2.207791e-05
# ------------------------------------------------- # 

# ------------ logging the circle info ------------ #
current t =  1.5
p_l2err = 7.762146e-06,  u0_l2err = 2.450064e-05,  u1_l2err = 2.242946e-05
# ------------------------------------------------- # 

# ------------ logging the circle info ------------ #
current t =  1.6
p_l2err = 6.862973e-06,  u0_l2err = 2.475089e-05,  u1_l2err = 2.272203e-05
# ------------------------------------------------- # 

# ------------ logging the circle info ------------ #
current t =  1.7
p_l2err = 6.089994e-06,  u0_l2err = 2.495265e-05,  u1_l2err = 2.296300e-05
# ------------------------------------------------- # 

# ------------ logging the circle info ------------ #
current t =  1.8
p_l2err = 5.421490e-06,  u0_l2err = 2.511196e-05,  u1_l2err = 2.315871e-05
# ------------------------------------------------- # 

# ------------ logging the circle info ------------ #
current t =  1.9000000000000001
p_l2err = 4.839995e-06,  u0_l2err = 2.523401e-05,  u1_l2err = 2.331462e-05
# ------------------------------------------------- # 

# ------------ logging the circle info ------------ #
current t =  2.0
p_l2err = 4.331441e-06,  u0_l2err = 2.532325e-05,  u1_l2err = 2.343548e-05
# ------------------------------------------------- # 

# ------------ logging the circle info ------------ #
current t =  2.1
p_l2err = 3.884466e-06,  u0_l2err = 2.538353e-05,  u1_l2err = 2.352542e-05
# ------------------------------------------------- # 

# ------------ logging the circle info ------------ #
current t =  2.2
p_l2err = 3.489854e-06,  u0_l2err = 2.541820e-05,  u1_l2err = 2.358806e-05
# ------------------------------------------------- # 

# ------------ logging the circle info ------------ #
current t =  2.3000000000000003
p_l2err = 3.140092e-06,  u0_l2err = 2.543022e-05,  u1_l2err = 2.362658e-05
# ------------------------------------------------- # 

# ------------ logging the circle info ------------ #
current t =  2.4
p_l2err = 2.829013e-06,  u0_l2err = 2.542216e-05,  u1_l2err = 2.364377e-05
# ------------------------------------------------- # 

# ------------ logging the circle info ------------ #
current t =  2.5
p_l2err = 2.551519e-06,  u0_l2err = 2.539633e-05,  u1_l2err = 2.364212e-05
# ------------------------------------------------- # 

# ------------ logging the circle info ------------ #
current t =  2.6
p_l2err = 2.303363e-06,  u0_l2err = 2.535475e-05,  u1_l2err = 2.362382e-05
# ------------------------------------------------- # 

# ------------ logging the circle info ------------ #
current t =  2.7
p_l2err = 2.080976e-06,  u0_l2err = 2.529922e-05,  u1_l2err = 2.359081e-05
# ------------------------------------------------- # 

# ------------ logging the circle info ------------ #
current t =  2.8000000000000003
p_l2err = 1.881338e-06,  u0_l2err = 2.523137e-05,  u1_l2err = 2.354482e-05
# ------------------------------------------------- # 

# ------------ logging the circle info ------------ #
current t =  2.9
p_l2err = 1.701868e-06,  u0_l2err = 2.515264e-05,  u1_l2err = 2.348741e-05
# ------------------------------------------------- # 

# ------------ logging the circle info ------------ #
current t =  3.0
p_l2err = 1.540347e-06,  u0_l2err = 2.506431e-05,  u1_l2err = 2.341994e-05
# ------------------------------------------------- # 

# ------------ logging the circle info ------------ #
current t =  3.1
p_l2err = 1.394851e-06,  u0_l2err = 2.496754e-05,  u1_l2err = 2.334365e-05
# ------------------------------------------------- # 

# ------------ logging the circle info ------------ #
current t =  3.2
p_l2err = 1.263703e-06,  u0_l2err = 2.486338e-05,  u1_l2err = 2.325963e-05
# ------------------------------------------------- # 

# ------------ logging the circle info ------------ #
current t =  3.3000000000000003
p_l2err = 1.145429e-06,  u0_l2err = 2.475276e-05,  u1_l2err = 2.316886e-05
# ------------------------------------------------- # 

# ------------ logging the circle info ------------ #
current t =  3.4
p_l2err = 1.038732e-06,  u0_l2err = 2.463651e-05,  u1_l2err = 2.307222e-05
# ------------------------------------------------- # 

# ------------ logging the circle info ------------ #
current t =  3.5
p_l2err = 9.424615e-07,  u0_l2err = 2.451539e-05,  u1_l2err = 2.297048e-05
# ------------------------------------------------- # 

# ------------ logging the circle info ------------ #
current t =  3.6
p_l2err = 8.555933e-07,  u0_l2err = 2.439007e-05,  u1_l2err = 2.286434e-05
# ------------------------------------------------- # 

# ------------ logging the circle info ------------ #
current t =  3.7
p_l2err = 7.772143e-07,  u0_l2err = 2.426116e-05,  u1_l2err = 2.275443e-05
# ------------------------------------------------- # 

# ------------ logging the circle info ------------ #
current t =  3.8000000000000003
p_l2err = 7.065070e-07,  u0_l2err = 2.412920e-05,  u1_l2err = 2.264131e-05
# ------------------------------------------------- # 

# ------------ logging the circle info ------------ #
current t =  3.9
p_l2err = 6.427377e-07,  u0_l2err = 2.399468e-05,  u1_l2err = 2.252546e-05
# ------------------------------------------------- # 

# ------------ logging the circle info ------------ #
current t =  4.0
p_l2err = 5.852467e-07,  u0_l2err = 2.385804e-05,  u1_l2err = 2.240733e-05
# ------------------------------------------------- # 

# ------------ logging the circle info ------------ #
current t =  4.1
p_l2err = 5.334394e-07,  u0_l2err = 2.371967e-05,  u1_l2err = 2.228731e-05
# ------------------------------------------------- # 

# ------------ logging the circle info ------------ #
current t =  4.2
p_l2err = 4.867796e-07,  u0_l2err = 2.357992e-05,  u1_l2err = 2.216575e-05
# ------------------------------------------------- # 

# ------------ logging the circle info ------------ #
current t =  4.3
p_l2err = 4.447824e-07,  u0_l2err = 2.343909e-05,  u1_l2err = 2.204297e-05
# ------------------------------------------------- # 

# ------------ logging the circle info ------------ #
current t =  4.4
p_l2err = 4.070087e-07,  u0_l2err = 2.329748e-05,  u1_l2err = 2.191923e-05
# ------------------------------------------------- # 

# ------------ logging the circle info ------------ #
current t =  4.5
p_l2err = 3.730608e-07,  u0_l2err = 2.315532e-05,  u1_l2err = 2.179479e-05
# ------------------------------------------------- # 

# ------------ logging the circle info ------------ #
current t =  4.6000000000000005
p_l2err = 3.425773e-07,  u0_l2err = 2.301283e-05,  u1_l2err = 2.166986e-05
# ------------------------------------------------- # 

# ------------ logging the circle info ------------ #
current t =  4.7
p_l2err = 3.152298e-07,  u0_l2err = 2.287022e-05,  u1_l2err = 2.154463e-05
# ------------------------------------------------- # 

# ------------ logging the circle info ------------ #
current t =  4.8
p_l2err = 2.907191e-07,  u0_l2err = 2.272765e-05,  u1_l2err = 2.141927e-05
# ------------------------------------------------- # 

# ------------ logging the circle info ------------ #
current t =  4.9
p_l2err = 2.687723e-07,  u0_l2err = 2.258527e-05,  u1_l2err = 2.129393e-05
# ------------------------------------------------- # 

# ------------ the end error ------------ #
p_l2err = 2.493257e-07,  u0_l2err = 2.244464e-05,  u1_l2err = 2.116999e-05
