run boxmesh2d with time: 0.019688707000000027
dt = 1.000000e-03
nu = 1.000000e-02
domain box =  [0, 1, 0, 1]
mesh subdivision =  100
run serial_construct_matrix with time: 0.18856006800000003
run serial_construct_matrix with time: 0.07450319700000008
run serial_construct_matrix with time: 0.555399254
# ------------ logging the circle info ------------ #
current t =  0.0
p_l2err = 9.148561e-05,  u0_l2err = 1.115872e-07,  u1_l2err = 6.211263e-08
# ------------------------------------------------- # 

# ------------ logging the circle info ------------ #
current t =  0.1
p_l2err = 7.039488e-05,  u0_l2err = 4.647302e-06,  u1_l2err = 3.655874e-06
# ------------------------------------------------- # 

# ------------ logging the circle info ------------ #
current t =  0.2
p_l2err = 5.887967e-05,  u0_l2err = 7.760047e-06,  u1_l2err = 6.382038e-06
# ------------------------------------------------- # 

# ------------ logging the circle info ------------ #
current t =  0.3
p_l2err = 4.925835e-05,  u0_l2err = 9.995389e-06,  u1_l2err = 8.475096e-06
# ------------------------------------------------- # 

# ------------ logging the circle info ------------ #
current t =  0.4
p_l2err = 4.129729e-05,  u0_l2err = 1.162482e-05,  u1_l2err = 1.008967e-05
# ------------------------------------------------- # 

# ------------ logging the circle info ------------ #
current t =  0.5
p_l2err = 3.473210e-05,  u0_l2err = 1.281548e-05,  u1_l2err = 1.133100e-05
# ------------------------------------------------- # 

# ------------ logging the circle info ------------ #
current t =  0.6
p_l2err = 2.932280e-05,  u0_l2err = 1.367782e-05,  u1_l2err = 1.227550e-05
# ------------------------------------------------- # 

# ------------ logging the circle info ------------ #
current t =  0.7000000000000001
p_l2err = 2.486376e-05,  u0_l2err = 1.428812e-05,  u1_l2err = 1.298070e-05
# ------------------------------------------------- # 

# ------------ logging the circle info ------------ #
current t =  0.8
p_l2err = 2.118280e-05,  u0_l2err = 1.470098e-05,  u1_l2err = 1.349096e-05
# ------------------------------------------------- # 

# ------------ logging the circle info ------------ #
current t =  0.9
p_l2err = 1.813730e-05,  u0_l2err = 1.495660e-05,  u1_l2err = 1.384118e-05
# ------------------------------------------------- # 

# ------------ logging the circle info ------------ #
current t =  1.0
p_l2err = 1.560993e-05,  u0_l2err = 1.508537e-05,  u1_l2err = 1.405924e-05
# ------------------------------------------------- # 

# ------------ logging the circle info ------------ #
current t =  1.1
p_l2err = 1.350463e-05,  u0_l2err = 1.511085e-05,  u1_l2err = 1.416771e-05
# ------------------------------------------------- # 

# ------------ logging the circle info ------------ #
current t =  1.2
p_l2err = 1.174304e-05,  u0_l2err = 1.505164e-05,  u1_l2err = 1.418508e-05
# ------------------------------------------------- # 

# ------------ logging the circle info ------------ #
current t =  1.3
p_l2err = 1.026150e-05,  u0_l2err = 1.492274e-05,  u1_l2err = 1.412667e-05
# ------------------------------------------------- # 

# ------------ logging the circle info ------------ #
current t =  1.4000000000000001
p_l2err = 9.008466e-06,  u0_l2err = 1.473645e-05,  u1_l2err = 1.400525e-05
# ------------------------------------------------- # 

# ------------ logging the circle info ------------ #
current t =  1.5
p_l2err = 7.942317e-06,  u0_l2err = 1.450298e-05,  u1_l2err = 1.383154e-05
# ------------------------------------------------- # 

# ------------ logging the circle info ------------ #
current t =  1.6
p_l2err = 7.029560e-06,  u0_l2err = 1.423091e-05,  u1_l2err = 1.361466e-05
# ------------------------------------------------- # 

# ------------ logging the circle info ------------ #
current t =  1.7
p_l2err = 6.243272e-06,  u0_l2err = 1.392753e-05,  u1_l2err = 1.336233e-05
# ------------------------------------------------- # 

# ------------ logging the circle info ------------ #
current t =  1.8
p_l2err = 5.561833e-06,  u0_l2err = 1.359906e-05,  u1_l2err = 1.308117e-05
# ------------------------------------------------- # 

# ------------ logging the circle info ------------ #
current t =  1.9000000000000001
p_l2err = 4.967871e-06,  u0_l2err = 1.325085e-05,  u1_l2err = 1.277685e-05
# ------------------------------------------------- # 

# ------------ logging the circle info ------------ #
current t =  2.0
p_l2err = 4.447404e-06,  u0_l2err = 1.288751e-05,  u1_l2err = 1.245425e-05
# ------------------------------------------------- # 

# ------------ logging the circle info ------------ #
current t =  2.1
p_l2err = 3.989133e-06,  u0_l2err = 1.251302e-05,  u1_l2err = 1.211759e-05
# ------------------------------------------------- # 

# ------------ logging the circle info ------------ #
current t =  2.2
p_l2err = 3.583894e-06,  u0_l2err = 1.213082e-05,  u1_l2err = 1.177050e-05
# ------------------------------------------------- # 

# ------------ logging the circle info ------------ #
current t =  2.3000000000000003
p_l2err = 3.224201e-06,  u0_l2err = 1.174387e-05,  u1_l2err = 1.141610e-05
# ------------------------------------------------- # 

# ------------ logging the circle info ------------ #
current t =  2.4
p_l2err = 2.903899e-06,  u0_l2err = 1.135475e-05,  u1_l2err = 1.105712e-05
# ------------------------------------------------- # 

# ------------ logging the circle info ------------ #
current t =  2.5
p_l2err = 2.617889e-06,  u0_l2err = 1.096564e-05,  u1_l2err = 1.069588e-05
# ------------------------------------------------- # 

# ------------ logging the circle info ------------ #
current t =  2.6
p_l2err = 2.361907e-06,  u0_l2err = 1.057844e-05,  u1_l2err = 1.033440e-05
# ------------------------------------------------- # 

# ------------ logging the circle info ------------ #
current t =  2.7
p_l2err = 2.132360e-06,  u0_l2err = 1.019475e-05,  u1_l2err = 9.974401e-06
# ------------------------------------------------- # 

# ------------ logging the circle info ------------ #
current t =  2.8000000000000003
p_l2err = 1.926191e-06,  u0_l2err = 9.815938e-06,  u1_l2err = 9.617356e-06
# ------------------------------------------------- # 

# ------------ logging the circle info ------------ #
current t =  2.9
p_l2err = 1.740780e-06,  u0_l2err = 9.443144e-06,  u1_l2err = 9.264522e-06
# ------------------------------------------------- # 

# ------------ logging the circle info ------------ #
current t =  3.0
p_l2err = 1.573863e-06,  u0_l2err = 9.077324e-06,  u1_l2err = 8.916961e-06
# ------------------------------------------------- # 

# ------------ logging the circle info ------------ #
current t =  3.1
p_l2err = 1.423468e-06,  u0_l2err = 8.719261e-06,  u1_l2err = 8.575563e-06
# ------------------------------------------------- # 

# ------------ logging the circle info ------------ #
current t =  3.2
p_l2err = 1.287871e-06,  u0_l2err = 8.369592e-06,  u1_l2err = 8.241069e-06
# ------------------------------------------------- # 

# ------------ logging the circle info ------------ #
current t =  3.3000000000000003
p_l2err = 1.165551e-06,  u0_l2err = 8.028823e-06,  u1_l2err = 7.914084e-06
# ------------------------------------------------- # 

# ------------ logging the circle info ------------ #
current t =  3.4
p_l2err = 1.055163e-06,  u0_l2err = 7.697345e-06,  u1_l2err = 7.595099e-06
# ------------------------------------------------- # 

# ------------ logging the circle info ------------ #
current t =  3.5
p_l2err = 9.555112e-07,  u0_l2err = 7.375448e-06,  u1_l2err = 7.284500e-06
# ------------------------------------------------- # 

# ------------ logging the circle info ------------ #
current t =  3.6
p_l2err = 8.655293e-07,  u0_l2err = 7.063337e-06,  u1_l2err = 6.982581e-06
# ------------------------------------------------- # 

# ------------ logging the circle info ------------ #
current t =  3.7
p_l2err = 7.842637e-07,  u0_l2err = 6.761138e-06,  u1_l2err = 6.689558e-06
# ------------------------------------------------- # 

# ------------ logging the circle info ------------ #
current t =  3.8000000000000003
p_l2err = 7.108597e-07,  u0_l2err = 6.468911e-06,  u1_l2err = 6.405575e-06