run boxmesh2d with time: 0.009633106000000002
dt = 1.000000e-04
nu = 1.000000e-02
domain box =  [0, 1, 0, 1]
mesh subdivision =  64
run serial_construct_matrix with time: 0.22996499399999998
run serial_construct_matrix with time: 0.064069241
run serial_construct_matrix with time: 0.5590700319999999
# ------------ logging the circle info ------------ #
current t =  0.0
p_l2err = 8.458078e-06,  u0_l2err = 6.194239e-10,  u1_l2err = 4.610205e-10
# ------------------------------------------------- # 

# ------------ logging the circle info ------------ #
current t =  0.05
p_l2err = 7.665406e-06,  u0_l2err = 2.550253e-07,  u1_l2err = 1.988303e-07
# ------------------------------------------------- # 

# ------------ logging the circle info ------------ #
current t =  0.1
p_l2err = 7.018774e-06,  u0_l2err = 4.589587e-07,  u1_l2err = 3.668706e-07
# ------------------------------------------------- # 

# ------------ logging the circle info ------------ #
current t =  0.15
p_l2err = 6.418343e-06,  u0_l2err = 6.285963e-07,  u1_l2err = 5.126194e-07
# ------------------------------------------------- # 

# ------------ logging the circle info ------------ #
current t =  0.2
p_l2err = 5.867106e-06,  u0_l2err = 7.714606e-07,  u1_l2err = 6.399272e-07
# ------------------------------------------------- # 

# ------------ logging the circle info ------------ #
current t =  0.25
p_l2err = 5.363596e-06,  u0_l2err = 8.926304e-07,  u1_l2err = 7.515074e-07
# ------------------------------------------------- # 

# ------------ logging the circle info ------------ #
current t =  0.3
p_l2err = 4.904956e-06,  u0_l2err = 9.958606e-07,  u1_l2err = 8.494655e-07
# ------------------------------------------------- # 

# ------------ logging the circle info ------------ #
current t =  0.35000000000000003
p_l2err = 4.487877e-06,  u0_l2err = 1.084046e-06,  u1_l2err = 9.355073e-07
# ------------------------------------------------- # 

# ------------ logging the circle info ------------ #
current t =  0.4
p_l2err = 4.108974e-06,  u0_l2err = 1.159475e-06,  u1_l2err = 1.011049e-06
# ------------------------------------------------- # 

# ------------ logging the circle info ------------ #
current t =  0.45
p_l2err = 3.764957e-06,  u0_l2err = 1.223988e-06,  u1_l2err = 1.077288e-06
# ------------------------------------------------- # 

# ------------ logging the circle info ------------ #
current t =  0.5
p_l2err = 3.452715e-06,  u0_l2err = 1.279084e-06,  u1_l2err = 1.135243e-06
# ------------------------------------------------- # 

# ------------ logging the circle info ------------ #
current t =  0.55
p_l2err = 3.169347e-06,  u0_l2err = 1.326000e-06,  u1_l2err = 1.185797e-06
# ------------------------------------------------- # 

# ------------ logging the circle info ------------ #
current t =  0.6
p_l2err = 2.912174e-06,  u0_l2err = 1.365766e-06,  u1_l2err = 1.229712e-06
# ------------------------------------------------- # 

# ------------ logging the circle info ------------ #
current t =  0.65
p_l2err = 2.678735e-06,  u0_l2err = 1.399245e-06,  u1_l2err = 1.267657e-06
# ------------------------------------------------- # 

# ------------ logging the circle info ------------ #
current t =  0.7000000000000001
p_l2err = 2.466781e-06,  u0_l2err = 1.427172e-06,  u1_l2err = 1.300220e-06
# ------------------------------------------------- # 

# ------------ logging the circle info ------------ #
current t =  0.75
p_l2err = 2.274260e-06,  u0_l2err = 1.450170e-06,  u1_l2err = 1.327919e-06
# ------------------------------------------------- # 

# ------------ logging the circle info ------------ #
current t =  0.8
p_l2err = 2.099306e-06,  u0_l2err = 1.468776e-06,  u1_l2err = 1.351214e-06
# ------------------------------------------------- # 

# ------------ logging the circle info ------------ #
current t =  0.8500000000000001
p_l2err = 1.940224e-06,  u0_l2err = 1.483454e-06,  u1_l2err = 1.370516e-06
# ------------------------------------------------- # 

# ------------ logging the circle info ------------ #
current t =  0.9
p_l2err = 1.795476e-06,  u0_l2err = 1.494608e-06,  u1_l2err = 1.386190e-06
# ------------------------------------------------- # 

# ------------ logging the circle info ------------ #
current t =  0.9500000000000001
p_l2err = 1.663669e-06,  u0_l2err = 1.502592e-06,  u1_l2err = 1.398566e-06
# ------------------------------------------------- # 

# ------------ logging the circle info ------------ #
current t =  1.0
p_l2err = 1.543542e-06,  u0_l2err = 1.507717e-06,  u1_l2err = 1.407939e-06
# ------------------------------------------------- # 

# ------------ logging the circle info ------------ #
current t =  1.05
p_l2err = 1.433957e-06,  u0_l2err = 1.510260e-06,  u1_l2err = 1.414578e-06
# ------------------------------------------------- # 

# ------------ logging the circle info ------------ #
current t =  1.1
p_l2err = 1.333882e-06,  u0_l2err = 1.510464e-06,  u1_l2err = 1.418723e-06
# ------------------------------------------------- # 

# ------------ logging the circle info ------------ #
current t =  1.1500000000000001
p_l2err = 1.242390e-06,  u0_l2err = 1.508549e-06,  u1_l2err = 1.420596e-06
# ------------------------------------------------- # 

# ------------ logging the circle info ------------ #
current t =  1.2
p_l2err = 1.158642e-06,  u0_l2err = 1.504713e-06,  u1_l2err = 1.420394e-06
# ------------------------------------------------- # 

# ------------ logging the circle info ------------ #
current t =  1.25
p_l2err = 1.081885e-06,  u0_l2err = 1.499133e-06,  u1_l2err = 1.418301e-06
# ------------------------------------------------- # 

# ------------ logging the circle info ------------ #
current t =  1.3
p_l2err = 1.011438e-06,  u0_l2err = 1.491970e-06,  u1_l2err = 1.414483e-06
# ------------------------------------------------- # 

# ------------ logging the circle info ------------ #
current t =  1.35
p_l2err = 9.466924e-07,  u0_l2err = 1.483370e-06,  u1_l2err = 1.409092e-06
# ------------------------------------------------- # 

# ------------ logging the circle info ------------ #
current t =  1.4000000000000001
p_l2err = 8.870979e-07,  u0_l2err = 1.473466e-06,  u1_l2err = 1.402269e-06
# ------------------------------------------------- # 

# ------------ logging the circle info ------------ #
current t =  1.4500000000000002
p_l2err = 8.321624e-07,  u0_l2err = 1.462381e-06,  u1_l2err = 1.394141e-06
# ------------------------------------------------- # 

# ------------ logging the circle info ------------ #
current t =  1.5
p_l2err = 7.814437e-07,  u0_l2err = 1.450226e-06,  u1_l2err = 1.384827e-06
# ------------------------------------------------- # 

# ------------ logging the circle info ------------ #
current t =  1.55
p_l2err = 7.345453e-07,  u0_l2err = 1.437103e-06,  u1_l2err = 1.374435e-06
# ------------------------------------------------- # 

# ------------ logging the circle info ------------ #
current t =  1.6
p_l2err = 6.911117e-07,  u0_l2err = 1.423109e-06,  u1_l2err = 1.363067e-06
# ------------------------------------------------- # 

# ------------ logging the circle info ------------ #
current t =  1.6500000000000001
p_l2err = 6.508244e-07,  u0_l2err = 1.408330e-06,  u1_l2err = 1.350814e-06
# ------------------------------------------------- # 

# ------------ logging the circle info ------------ #
current t =  1.7000000000000002
p_l2err = 6.133981e-07,  u0_l2err = 1.392847e-06,  u1_l2err = 1.337763e-06
# ------------------------------------------------- # 

# ------------ logging the circle info ------------ #
current t =  1.75
p_l2err = 5.785769e-07,  u0_l2err = 1.376736e-06,  u1_l2err = 1.323993e-06
# ------------------------------------------------- # 

# ------------ logging the circle info ------------ #
current t =  1.8
p_l2err = 5.461318e-07,  u0_l2err = 1.360064e-06,  u1_l2err = 1.309577e-06
# ------------------------------------------------- # 

# ------------ logging the circle info ------------ #
current t =  1.85
p_l2err = 5.158572e-07,  u0_l2err = 1.342898e-06,  u1_l2err = 1.294584e-06
# ------------------------------------------------- # 

# ------------ logging the circle info ------------ #
current t =  1.9000000000000001
p_l2err = 4.875689e-07,  u0_l2err = 1.325296e-06,  u1_l2err = 1.279077e-06
# ------------------------------------------------- # 

# ------------ logging the circle info ------------ #
current t =  1.9500000000000002
p_l2err = 4.611016e-07,  u0_l2err = 1.307315e-06,  u1_l2err = 1.263115e-06
# ------------------------------------------------- # 

# ------------ logging the circle info ------------ #
current t =  2.0
p_l2err = 4.363068e-07,  u0_l2err = 1.289006e-06,  u1_l2err = 1.246752e-06
# ------------------------------------------------- # 

# ------------ logging the circle info ------------ #
current t =  2.0500000000000003
p_l2err = 4.130508e-07,  u0_l2err = 1.270416e-06,  u1_l2err = 1.230038e-06
# ------------------------------------------------- # 

# ------------ logging the circle info ------------ #
current t =  2.1
p_l2err = 3.912134e-07,  u0_l2err = 1.251591e-06,  u1_l2err = 1.213021e-06
# ------------------------------------------------- # 

# ------------ logging the circle info ------------ #
current t =  2.15
p_l2err = 3.706862e-07,  u0_l2err = 1.232573e-06,  u1_l2err = 1.195744e-06
# ------------------------------------------------- # 

# ------------ logging the circle info ------------ #
current t =  2.2
p_l2err = 3.513713e-07,  u0_l2err = 1.213399e-06,  u1_l2err = 1.178249e-06
# ------------------------------------------------- # 

# ------------ logging the circle info ------------ #
current t =  2.25
p_l2err = 3.331802e-07,  u0_l2err = 1.194105e-06,  u1_l2err = 1.160572e-06
# ------------------------------------------------- # 

# ------------ logging the circle info ------------ #
current t =  2.3000000000000003
p_l2err = 3.160327e-07,  u0_l2err = 1.174726e-06,  u1_l2err = 1.142749e-06
# ------------------------------------------------- # 

# ------------ logging the circle info ------------ #
current t =  2.35
p_l2err = 2.998559e-07,  u0_l2err = 1.155291e-06,  u1_l2err = 1.124813e-06
# ------------------------------------------------- # 

# ------------ logging the circle info ------------ #
current t =  2.4
p_l2err = 2.845835e-07,  u0_l2err = 1.135829e-06,  u1_l2err = 1.106793e-06
# ------------------------------------------------- # 

# ------------ logging the circle info ------------ #
current t =  2.45
p_l2err = 2.701552e-07,  u0_l2err = 1.116367e-06,  u1_l2err = 1.088717e-06
# ------------------------------------------------- # 

# ------------ logging the circle info ------------ #
current t =  2.5
p_l2err = 2.565158e-07,  u0_l2err = 1.096929e-06,  u1_l2err = 1.070613e-06
# ------------------------------------------------- # 

# ------------ logging the circle info ------------ #
current t =  2.5500000000000003
p_l2err = 2.436149e-07,  u0_l2err = 1.077539e-06,  u1_l2err = 1.052503e-06
# ------------------------------------------------- # 

# ------------ logging the circle info ------------ #
current t =  2.6
p_l2err = 2.314060e-07,  u0_l2err = 1.058216e-06,  u1_l2err = 1.034411e-06
# ------------------------------------------------- # 

# ------------ logging the circle info ------------ #
current t =  2.65
p_l2err = 2.198466e-07,  u0_l2err = 1.038981e-06,  u1_l2err = 1.016356e-06
# ------------------------------------------------- # 

# ------------ logging the circle info ------------ #
current t =  2.7
p_l2err = 2.088974e-07,  u0_l2err = 1.019851e-06,  u1_l2err = 9.983589e-07
# ------------------------------------------------- # 

# ------------ logging the circle info ------------ #
current t =  2.75
p_l2err = 1.985221e-07,  u0_l2err = 1.000842e-06,  u1_l2err = 9.804362e-07
# ------------------------------------------------- # 

# ------------ logging the circle info ------------ #
current t =  2.8000000000000003
p_l2err = 1.886872e-07,  u0_l2err = 9.819701e-07,  u1_l2err = 9.626047e-07
# ------------------------------------------------- # 

# ------------ logging the circle info ------------ #
current t =  2.85
p_l2err = 1.793616e-07,  u0_l2err = 9.632481e-07,  u1_l2err = 9.448793e-07
# ------------------------------------------------- # 

# ------------ logging the circle info ------------ #
current t =  2.9000000000000004
p_l2err = 1.705165e-07,  u0_l2err = 9.446887e-07,  u1_l2err = 9.272737e-07
# ------------------------------------------------- # 

# ------------ logging the circle info ------------ #
current t =  2.95
p_l2err = 1.621248e-07,  u0_l2err = 9.263033e-07,  u1_l2err = 9.098008e-07
# ------------------------------------------------- # 

# ------------ logging the circle info ------------ #
current t =  3.0
p_l2err = 1.541616e-07,  u0_l2err = 9.081024e-07,  u1_l2err = 8.924721e-07
# ------------------------------------------------- # 

# ------------ logging the circle info ------------ #
current t =  3.0500000000000003
p_l2err = 1.466034e-07,  u0_l2err = 8.900952e-07,  u1_l2err = 8.752983e-07
# ------------------------------------------------- # 

# ------------ logging the circle info ------------ #
current t =  3.1
p_l2err = 1.394282e-07,  u0_l2err = 8.722901e-07,  u1_l2err = 8.582889e-07
# ------------------------------------------------- # 

# ------------ logging the circle info ------------ #
current t =  3.1500000000000004
p_l2err = 1.326157e-07,  u0_l2err = 8.546947e-07,  u1_l2err = 8.414528e-07
# ------------------------------------------------- # 

# ------------ logging the circle info ------------ #
current t =  3.2
p_l2err = 1.261464e-07,  u0_l2err = 8.373157e-07,  u1_l2err = 8.247980e-07
# ------------------------------------------------- # 

# ------------ logging the circle info ------------ #
current t =  3.25
p_l2err = 1.200024e-07,  u0_l2err = 8.201591e-07,  u1_l2err = 8.083315e-07
# ------------------------------------------------- # 

# ------------ logging the circle info ------------ #
current t =  3.3000000000000003
p_l2err = 1.141667e-07,  u0_l2err = 8.032301e-07,  u1_l2err = 7.920600e-07
# ------------------------------------------------- # 

# ------------ logging the circle info ------------ #
current t =  3.35
p_l2err = 1.086231e-07,  u0_l2err = 7.865333e-07,  u1_l2err = 7.759890e-07
# ------------------------------------------------- # 

# ------------ logging the circle info ------------ #
current t =  3.4000000000000004
p_l2err = 1.033567e-07,  u0_l2err = 7.700726e-07,  u1_l2err = 7.601238e-07
# ------------------------------------------------- # 

# ------------ logging the circle info ------------ #
current t =  3.45
p_l2err = 9.835308e-08,  u0_l2err = 7.538514e-07,  u1_l2err = 7.444688e-07
# ------------------------------------------------- # 

# ------------ logging the circle info ------------ #
current t =  3.5
p_l2err = 9.359893e-08,  u0_l2err = 7.378726e-07,  u1_l2err = 7.290280e-07
# ------------------------------------------------- # 

# ------------ logging the circle info ------------ #
current t =  3.5500000000000003
p_l2err = 8.908153e-08,  u0_l2err = 7.221383e-07,  u1_l2err = 7.138048e-07
# ------------------------------------------------- # 

# ------------ logging the circle info ------------ #
current t =  3.6
p_l2err = 8.478883e-08,  u0_l2err = 7.066504e-07,  u1_l2err = 6.988021e-07
# ------------------------------------------------- # 

# ------------ logging the circle info ------------ #
current t =  3.6500000000000004
p_l2err = 8.070951e-08,  u0_l2err = 6.914104e-07,  u1_l2err = 6.840222e-07
# ------------------------------------------------- # 

# ------------ logging the circle info ------------ #
current t =  3.7
p_l2err = 7.683277e-08,  u0_l2err = 6.764191e-07,  u1_l2err = 6.694673e-07
# ------------------------------------------------- # 

# ------------ logging the circle info ------------ #
current t =  3.75
p_l2err = 7.314844e-08,  u0_l2err = 6.616772e-07,  u1_l2err = 6.551389e-07
# ------------------------------------------------- # 

# ------------ logging the circle info ------------ #
current t =  3.8000000000000003
p_l2err = 6.964687e-08,  u0_l2err = 6.471848e-07,  u1_l2err = 6.410383e-07
# ------------------------------------------------- # 

# ------------ logging the circle info ------------ #
current t =  3.85
p_l2err = 6.631889e-08,  u0_l2err = 6.329419e-07,  u1_l2err = 6.271662e-07
# ------------------------------------------------- # 

# ------------ logging the circle info ------------ #
current t =  3.9000000000000004
p_l2err = 6.315584e-08,  u0_l2err = 6.189481e-07,  u1_l2err = 6.135232e-07
# ------------------------------------------------- # 

# ------------ logging the circle info ------------ #
current t =  3.95
p_l2err = 6.014946e-08,  u0_l2err = 6.052027e-07,  u1_l2err = 6.001095e-07
# ------------------------------------------------- # 

# ------------ logging the circle info ------------ #
current t =  4.0
p_l2err = 5.729195e-08,  u0_l2err = 5.917046e-07,  u1_l2err = 5.869250e-07
# ------------------------------------------------- # 

# ------------ logging the circle info ------------ #
current t =  4.05
p_l2err = 5.457588e-08,  u0_l2err = 5.784528e-07,  u1_l2err = 5.739694e-07
# ------------------------------------------------- # 

# ------------ logging the circle info ------------ #
current t =  4.1000000000000005
p_l2err = 5.199422e-08,  u0_l2err = 5.654458e-07,  u1_l2err = 5.612420e-07
# ------------------------------------------------- # 

# ------------ logging the circle info ------------ #
current t =  4.15
p_l2err = 4.954024e-08,  u0_l2err = 5.526820e-07,  u1_l2err = 5.487421e-07
# ------------------------------------------------- # 

# ------------ logging the circle info ------------ #
current t =  4.2
p_l2err = 4.720764e-08,  u0_l2err = 5.401595e-07,  u1_l2err = 5.364686e-07
# ------------------------------------------------- # 

# ------------ logging the circle info ------------ #
current t =  4.25
p_l2err = 4.499035e-08,  u0_l2err = 5.278764e-07,  u1_l2err = 5.244202e-07
# ------------------------------------------------- # 

# ------------ logging the circle info ------------ #
current t =  4.3
p_l2err = 4.288264e-08,  u0_l2err = 5.158306e-07,  u1_l2err = 5.125956e-07
# ------------------------------------------------- # 

# ------------ logging the circle info ------------ #
current t =  4.3500000000000005
p_l2err = 4.087907e-08,  u0_l2err = 5.040198e-07,  u1_l2err = 5.009930e-07
# ------------------------------------------------- # 

# ------------ logging the circle info ------------ #
current t =  4.4
p_l2err = 3.897444e-08,  u0_l2err = 4.924415e-07,  u1_l2err = 4.896109e-07
# ------------------------------------------------- # 

# ------------ logging the circle info ------------ #
current t =  4.45
p_l2err = 3.716386e-08,  u0_l2err = 4.810933e-07,  u1_l2err = 4.784472e-07
# ------------------------------------------------- # 

# ------------ logging the circle info ------------ #
current t =  4.5
p_l2err = 3.544262e-08,  u0_l2err = 4.699726e-07,  u1_l2err = 4.675000e-07
# ------------------------------------------------- # 

# ------------ logging the circle info ------------ #
current t =  4.55
p_l2err = 3.380630e-08,  u0_l2err = 4.590765e-07,  u1_l2err = 4.567671e-07
# ------------------------------------------------- # 

# ------------ logging the circle info ------------ #
current t =  4.6000000000000005
p_l2err = 3.225065e-08,  u0_l2err = 4.484024e-07,  u1_l2err = 4.462463e-07
# ------------------------------------------------- # 

# ------------ logging the circle info ------------ #
current t =  4.65
p_l2err = 3.077166e-08,  u0_l2err = 4.379473e-07,  u1_l2err = 4.359352e-07
# ------------------------------------------------- # 

# ------------ logging the circle info ------------ #
current t =  4.7
p_l2err = 2.936552e-08,  u0_l2err = 4.277084e-07,  u1_l2err = 4.258314e-07
# ------------------------------------------------- # 

# ------------ logging the circle info ------------ #
current t =  4.75
p_l2err = 2.802859e-08,  u0_l2err = 4.176825e-07,  u1_l2err = 4.159324e-07
# ------------------------------------------------- # 

# ------------ logging the circle info ------------ #
current t =  4.8
p_l2err = 2.675742e-08,  u0_l2err = 4.078667e-07,  u1_l2err = 4.062357e-07
# ------------------------------------------------- # 

# ------------ logging the circle info ------------ #
current t =  4.8500000000000005
p_l2err = 2.554872e-08,  u0_l2err = 3.982579e-07,  u1_l2err = 3.967384e-07
# ------------------------------------------------- # 

# ------------ logging the circle info ------------ #
current t =  4.9
p_l2err = 2.439938e-08,  u0_l2err = 3.888530e-07,  u1_l2err = 3.874381e-07
# ------------------------------------------------- # 

# ------------ logging the circle info ------------ #
current t =  4.95
p_l2err = 2.330643e-08,  u0_l2err = 3.796489e-07,  u1_l2err = 3.783318e-07
# ------------------------------------------------- # 

# ------------ the end error ------------ #
p_l2err = 2.226908e-08,  u0_l2err = 3.706601e-07,  u1_l2err = 3.694346e-07
run NS_VC_Solver with time: 119578.72762832399

>>> 119578.72/3600
33.21631111111111 hours

